{"/home/kali/Desktop/$$$/kali-mcp-toolkit/js/src/browser/controller.ts": {"path":"/home/kali/Desktop/$$$/kali-mcp-toolkit/js/src/browser/controller.ts","statementMap":{"0":{"start":{"line":14,"column":38},"end":{"line":21,"column":null}},"1":{"start":{"line":24,"column":2},"end":{"line":24,"column":null}},"2":{"start":{"line":26,"column":2},"end":{"line":26,"column":null}},"3":{"start":{"line":29,"column":4},"end":{"line":29,"column":null}},"4":{"start":{"line":36,"column":4},"end":{"line":38,"column":null}},"5":{"start":{"line":37,"column":6},"end":{"line":37,"column":null}},"6":{"start":{"line":40,"column":4},"end":{"line":49,"column":null}},"7":{"start":{"line":56,"column":4},"end":{"line":58,"column":null}},"8":{"start":{"line":57,"column":6},"end":{"line":57,"column":null}},"9":{"start":{"line":60,"column":17},"end":{"line":60,"column":null}},"10":{"start":{"line":62,"column":4},"end":{"line":62,"column":null}},"11":{"start":{"line":64,"column":4},"end":{"line":66,"column":null}},"12":{"start":{"line":65,"column":6},"end":{"line":65,"column":null}},"13":{"start":{"line":68,"column":4},"end":{"line":68,"column":null}},"14":{"start":{"line":70,"column":4},"end":{"line":70,"column":null}},"15":{"start":{"line":71,"column":4},"end":{"line":71,"column":null}},"16":{"start":{"line":81,"column":17},"end":{"line":81,"column":null}},"17":{"start":{"line":82,"column":4},"end":{"line":84,"column":null}},"18":{"start":{"line":83,"column":6},"end":{"line":83,"column":null}},"19":{"start":{"line":86,"column":22},"end":{"line":86,"column":null}},"20":{"start":{"line":88,"column":21},"end":{"line":91,"column":null}},"21":{"start":{"line":93,"column":21},"end":{"line":93,"column":null}},"22":{"start":{"line":95,"column":4},"end":{"line":101,"column":null}},"23":{"start":{"line":108,"column":17},"end":{"line":108,"column":null}},"24":{"start":{"line":109,"column":4},"end":{"line":111,"column":null}},"25":{"start":{"line":110,"column":6},"end":{"line":110,"column":null}},"26":{"start":{"line":113,"column":17},"end":{"line":113,"column":null}},"27":{"start":{"line":114,"column":18},"end":{"line":114,"column":null}},"28":{"start":{"line":115,"column":16},"end":{"line":115,"column":null}},"29":{"start":{"line":118,"column":18},"end":{"line":133,"column":null}},"30":{"start":{"line":119,"column":27},"end":{"line":119,"column":null}},"31":{"start":{"line":120,"column":6},"end":{"line":132,"column":null}},"32":{"start":{"line":120,"column":51},"end":{"line":132,"column":8}},"33":{"start":{"line":125,"column":91},"end":{"line":131,"column":10}},"34":{"start":{"line":136,"column":18},"end":{"line":154,"column":null}},"35":{"start":{"line":137,"column":27},"end":{"line":137,"column":null}},"36":{"start":{"line":138,"column":26},"end":{"line":138,"column":null}},"37":{"start":{"line":139,"column":6},"end":{"line":153,"column":null}},"38":{"start":{"line":140,"column":22},"end":{"line":140,"column":null}},"39":{"start":{"line":141,"column":25},"end":{"line":141,"column":null}},"40":{"start":{"line":142,"column":8},"end":{"line":147,"column":null}},"41":{"start":{"line":143,"column":26},"end":{"line":143,"column":null}},"42":{"start":{"line":144,"column":10},"end":{"line":144,"column":null}},"43":{"start":{"line":146,"column":10},"end":{"line":146,"column":null}},"44":{"start":{"line":148,"column":8},"end":{"line":152,"column":null}},"45":{"start":{"line":157,"column":20},"end":{"line":164,"column":null}},"46":{"start":{"line":158,"column":29},"end":{"line":158,"column":null}},"47":{"start":{"line":159,"column":6},"end":{"line":163,"column":null}},"48":{"start":{"line":159,"column":55},"end":{"line":163,"column":8}},"49":{"start":{"line":166,"column":4},"end":{"line":174,"column":null}},"50":{"start":{"line":181,"column":17},"end":{"line":181,"column":null}},"51":{"start":{"line":182,"column":4},"end":{"line":184,"column":null}},"52":{"start":{"line":183,"column":6},"end":{"line":183,"column":null}},"53":{"start":{"line":187,"column":20},"end":{"line":187,"column":null}},"54":{"start":{"line":188,"column":37},"end":{"line":197,"column":null}},"55":{"start":{"line":188,"column":55},"end":{"line":197,"column":6}},"56":{"start":{"line":200,"column":20},"end":{"line":219,"column":null}},"57":{"start":{"line":201,"column":44},"end":{"line":201,"column":null}},"58":{"start":{"line":202,"column":46},"end":{"line":202,"column":null}},"59":{"start":{"line":204,"column":6},"end":{"line":209,"column":null}},"60":{"start":{"line":204,"column":19},"end":{"line":204,"column":22}},"61":{"start":{"line":205,"column":20},"end":{"line":205,"column":null}},"62":{"start":{"line":206,"column":8},"end":{"line":208,"column":null}},"63":{"start":{"line":207,"column":10},"end":{"line":207,"column":null}},"64":{"start":{"line":211,"column":6},"end":{"line":216,"column":null}},"65":{"start":{"line":211,"column":19},"end":{"line":211,"column":22}},"66":{"start":{"line":212,"column":20},"end":{"line":212,"column":null}},"67":{"start":{"line":213,"column":8},"end":{"line":215,"column":null}},"68":{"start":{"line":214,"column":10},"end":{"line":214,"column":null}},"69":{"start":{"line":218,"column":6},"end":{"line":218,"column":null}},"70":{"start":{"line":221,"column":4},"end":{"line":226,"column":null}},"71":{"start":{"line":233,"column":17},"end":{"line":233,"column":null}},"72":{"start":{"line":234,"column":4},"end":{"line":236,"column":null}},"73":{"start":{"line":235,"column":6},"end":{"line":235,"column":null}},"74":{"start":{"line":238,"column":4},"end":{"line":238,"column":null}},"75":{"start":{"line":249,"column":17},"end":{"line":249,"column":null}},"76":{"start":{"line":250,"column":4},"end":{"line":252,"column":null}},"77":{"start":{"line":251,"column":6},"end":{"line":251,"column":null}},"78":{"start":{"line":254,"column":4},"end":{"line":257,"column":null}},"79":{"start":{"line":255,"column":23},"end":{"line":255,"column":null}},"80":{"start":{"line":256,"column":6},"end":{"line":256,"column":null}},"81":{"start":{"line":264,"column":17},"end":{"line":264,"column":null}},"82":{"start":{"line":265,"column":4},"end":{"line":267,"column":null}},"83":{"start":{"line":266,"column":6},"end":{"line":266,"column":null}},"84":{"start":{"line":269,"column":4},"end":{"line":269,"column":null}},"85":{"start":{"line":276,"column":17},"end":{"line":276,"column":null}},"86":{"start":{"line":277,"column":4},"end":{"line":279,"column":null}},"87":{"start":{"line":278,"column":6},"end":{"line":278,"column":null}},"88":{"start":{"line":281,"column":4},"end":{"line":281,"column":null}},"89":{"start":{"line":288,"column":17},"end":{"line":288,"column":null}},"90":{"start":{"line":289,"column":4},"end":{"line":291,"column":null}},"91":{"start":{"line":290,"column":6},"end":{"line":290,"column":null}},"92":{"start":{"line":293,"column":4},"end":{"line":293,"column":null}},"93":{"start":{"line":300,"column":17},"end":{"line":300,"column":null}},"94":{"start":{"line":301,"column":4},"end":{"line":304,"column":null}},"95":{"start":{"line":302,"column":6},"end":{"line":302,"column":null}},"96":{"start":{"line":303,"column":6},"end":{"line":303,"column":null}},"97":{"start":{"line":311,"column":4},"end":{"line":313,"column":null}},"98":{"start":{"line":312,"column":6},"end":{"line":312,"column":null}},"99":{"start":{"line":315,"column":4},"end":{"line":318,"column":null}},"100":{"start":{"line":316,"column":6},"end":{"line":316,"column":null}},"101":{"start":{"line":317,"column":6},"end":{"line":317,"column":null}},"102":{"start":{"line":325,"column":4},"end":{"line":325,"column":null}},"103":{"start":{"line":332,"column":4},"end":{"line":332,"column":null}}},"fnMap":{"0":{"name":"(anonymous_0)","decl":{"start":{"line":28,"column":2},"end":{"line":28,"column":14}},"loc":{"start":{"line":28,"column":51},"end":{"line":30,"column":null}},"line":28},"1":{"name":"(anonymous_1)","decl":{"start":{"line":35,"column":8},"end":{"line":35,"column":36}},"loc":{"start":{"line":35,"column":36},"end":{"line":50,"column":null}},"line":35},"2":{"name":"(anonymous_2)","decl":{"start":{"line":55,"column":8},"end":{"line":55,"column":19}},"loc":{"start":{"line":55,"column":50},"end":{"line":72,"column":null}},"line":55},"3":{"name":"(anonymous_3)","decl":{"start":{"line":77,"column":8},"end":{"line":77,"column":null}},"loc":{"start":{"line":80,"column":31},"end":{"line":102,"column":null}},"line":80},"4":{"name":"(anonymous_4)","decl":{"start":{"line":107,"column":8},"end":{"line":107,"column":27}},"loc":{"start":{"line":107,"column":65},"end":{"line":175,"column":null}},"line":107},"5":{"name":"(anonymous_5)","decl":{"start":{"line":118,"column":38},"end":{"line":118,"column":44}},"loc":{"start":{"line":118,"column":44},"end":{"line":133,"column":5}},"line":118},"6":{"name":"(anonymous_6)","decl":{"start":{"line":120,"column":42},"end":{"line":120,"column":51}},"loc":{"start":{"line":120,"column":51},"end":{"line":132,"column":8}},"line":120},"7":{"name":"(anonymous_7)","decl":{"start":{"line":125,"column":81},"end":{"line":125,"column":91}},"loc":{"start":{"line":125,"column":91},"end":{"line":131,"column":10}},"line":125},"8":{"name":"(anonymous_8)","decl":{"start":{"line":136,"column":38},"end":{"line":136,"column":44}},"loc":{"start":{"line":136,"column":44},"end":{"line":154,"column":5}},"line":136},"9":{"name":"(anonymous_9)","decl":{"start":{"line":139,"column":42},"end":{"line":139,"column":50}},"loc":{"start":{"line":139,"column":50},"end":{"line":153,"column":7}},"line":139},"10":{"name":"(anonymous_10)","decl":{"start":{"line":157,"column":40},"end":{"line":157,"column":46}},"loc":{"start":{"line":157,"column":46},"end":{"line":164,"column":5}},"line":157},"11":{"name":"(anonymous_11)","decl":{"start":{"line":159,"column":44},"end":{"line":159,"column":55}},"loc":{"start":{"line":159,"column":55},"end":{"line":163,"column":8}},"line":159},"12":{"name":"(anonymous_12)","decl":{"start":{"line":180,"column":8},"end":{"line":180,"column":29}},"loc":{"start":{"line":180,"column":69},"end":{"line":227,"column":null}},"line":180},"13":{"name":"(anonymous_13)","decl":{"start":{"line":188,"column":49},"end":{"line":188,"column":55}},"loc":{"start":{"line":188,"column":55},"end":{"line":197,"column":6}},"line":188},"14":{"name":"(anonymous_14)","decl":{"start":{"line":200,"column":40},"end":{"line":200,"column":46}},"loc":{"start":{"line":200,"column":46},"end":{"line":219,"column":5}},"line":200},"15":{"name":"(anonymous_15)","decl":{"start":{"line":232,"column":8},"end":{"line":232,"column":25}},"loc":{"start":{"line":232,"column":69},"end":{"line":239,"column":null}},"line":232},"16":{"name":"(anonymous_16)","decl":{"start":{"line":244,"column":8},"end":{"line":244,"column":null}},"loc":{"start":{"line":248,"column":19},"end":{"line":258,"column":null}},"line":248},"17":{"name":"(anonymous_17)","decl":{"start":{"line":263,"column":8},"end":{"line":263,"column":14}},"loc":{"start":{"line":263,"column":63},"end":{"line":270,"column":null}},"line":263},"18":{"name":"(anonymous_18)","decl":{"start":{"line":275,"column":8},"end":{"line":275,"column":26}},"loc":{"start":{"line":275,"column":57},"end":{"line":282,"column":null}},"line":275},"19":{"name":"(anonymous_19)","decl":{"start":{"line":287,"column":8},"end":{"line":287,"column":19}},"loc":{"start":{"line":287,"column":52},"end":{"line":294,"column":null}},"line":287},"20":{"name":"(anonymous_20)","decl":{"start":{"line":299,"column":8},"end":{"line":299,"column":18}},"loc":{"start":{"line":299,"column":49},"end":{"line":305,"column":null}},"line":299},"21":{"name":"(anonymous_21)","decl":{"start":{"line":310,"column":8},"end":{"line":310,"column":31}},"loc":{"start":{"line":310,"column":31},"end":{"line":319,"column":null}},"line":310},"22":{"name":"(anonymous_22)","decl":{"start":{"line":324,"column":2},"end":{"line":324,"column":10}},"loc":{"start":{"line":324,"column":44},"end":{"line":326,"column":null}},"line":324},"23":{"name":"(anonymous_23)","decl":{"start":{"line":331,"column":2},"end":{"line":331,"column":27}},"loc":{"start":{"line":331,"column":27},"end":{"line":333,"column":null}},"line":331}},"branchMap":{"0":{"loc":{"start":{"line":28,"column":14},"end":{"line":28,"column":51}},"type":"default-arg","locations":[{"start":{"line":28,"column":47},"end":{"line":28,"column":51}}],"line":28},"1":{"loc":{"start":{"line":36,"column":4},"end":{"line":38,"column":null}},"type":"if","locations":[{"start":{"line":36,"column":4},"end":{"line":38,"column":null}},{"start":{},"end":{}}],"line":36},"2":{"loc":{"start":{"line":41,"column":16},"end":{"line":41,"column":null}},"type":"cond-expr","locations":[{"start":{"line":41,"column":39},"end":{"line":41,"column":47}},{"start":{"line":41,"column":47},"end":{"line":41,"column":null}}],"line":41},"3":{"loc":{"start":{"line":56,"column":4},"end":{"line":58,"column":null}},"type":"if","locations":[{"start":{"line":56,"column":4},"end":{"line":58,"column":null}},{"start":{},"end":{}}],"line":56},"4":{"loc":{"start":{"line":64,"column":4},"end":{"line":66,"column":null}},"type":"if","locations":[{"start":{"line":64,"column":4},"end":{"line":66,"column":null}},{"start":{},"end":{}}],"line":64},"5":{"loc":{"start":{"line":82,"column":4},"end":{"line":84,"column":null}},"type":"if","locations":[{"start":{"line":82,"column":4},"end":{"line":84,"column":null}},{"start":{},"end":{}}],"line":82},"6":{"loc":{"start":{"line":97,"column":18},"end":{"line":97,"column":null}},"type":"binary-expr","locations":[{"start":{"line":97,"column":18},"end":{"line":97,"column":40}},{"start":{"line":97,"column":40},"end":{"line":97,"column":null}}],"line":97},"7":{"loc":{"start":{"line":98,"column":15},"end":{"line":98,"column":null}},"type":"binary-expr","locations":[{"start":{"line":98,"column":15},"end":{"line":98,"column":38}},{"start":{"line":98,"column":38},"end":{"line":98,"column":null}}],"line":98},"8":{"loc":{"start":{"line":109,"column":4},"end":{"line":111,"column":null}},"type":"if","locations":[{"start":{"line":109,"column":4},"end":{"line":111,"column":null}},{"start":{},"end":{}}],"line":109},"9":{"loc":{"start":{"line":121,"column":12},"end":{"line":121,"column":null}},"type":"binary-expr","locations":[{"start":{"line":121,"column":12},"end":{"line":121,"column":23}},{"start":{"line":121,"column":23},"end":{"line":121,"column":null}}],"line":121},"10":{"loc":{"start":{"line":122,"column":14},"end":{"line":122,"column":null}},"type":"binary-expr","locations":[{"start":{"line":122,"column":14},"end":{"line":122,"column":27}},{"start":{"line":122,"column":27},"end":{"line":122,"column":null}}],"line":122},"11":{"loc":{"start":{"line":126,"column":17},"end":{"line":126,"column":null}},"type":"binary-expr","locations":[{"start":{"line":126,"column":17},"end":{"line":126,"column":52}},{"start":{"line":126,"column":52},"end":{"line":126,"column":null}}],"line":126},"12":{"loc":{"start":{"line":127,"column":17},"end":{"line":127,"column":null}},"type":"binary-expr","locations":[{"start":{"line":127,"column":17},"end":{"line":127,"column":52}},{"start":{"line":127,"column":52},"end":{"line":127,"column":null}}],"line":127},"13":{"loc":{"start":{"line":128,"column":14},"end":{"line":128,"column":null}},"type":"binary-expr","locations":[{"start":{"line":128,"column":14},"end":{"line":128,"column":26}},{"start":{"line":128,"column":26},"end":{"line":128,"column":null}}],"line":128},"14":{"loc":{"start":{"line":129,"column":18},"end":{"line":129,"column":null}},"type":"binary-expr","locations":[{"start":{"line":129,"column":18},"end":{"line":129,"column":54}},{"start":{"line":129,"column":54},"end":{"line":129,"column":null}}],"line":129},"15":{"loc":{"start":{"line":150,"column":16},"end":{"line":150,"column":null}},"type":"binary-expr","locations":[{"start":{"line":150,"column":16},"end":{"line":150,"column":44}},{"start":{"line":150,"column":44},"end":{"line":150,"column":null}}],"line":150},"16":{"loc":{"start":{"line":160,"column":13},"end":{"line":160,"column":null}},"type":"binary-expr","locations":[{"start":{"line":160,"column":13},"end":{"line":160,"column":27}},{"start":{"line":160,"column":27},"end":{"line":160,"column":null}}],"line":160},"17":{"loc":{"start":{"line":162,"column":17},"end":{"line":162,"column":null}},"type":"cond-expr","locations":[{"start":{"line":162,"column":31},"end":{"line":162,"column":72}},{"start":{"line":162,"column":72},"end":{"line":162,"column":null}}],"line":162},"18":{"loc":{"start":{"line":182,"column":4},"end":{"line":184,"column":null}},"type":"if","locations":[{"start":{"line":182,"column":4},"end":{"line":184,"column":null}},{"start":{},"end":{}}],"line":182},"19":{"loc":{"start":{"line":206,"column":8},"end":{"line":208,"column":null}},"type":"if","locations":[{"start":{"line":206,"column":8},"end":{"line":208,"column":null}},{"start":{},"end":{}}],"line":206},"20":{"loc":{"start":{"line":207,"column":23},"end":{"line":207,"column":null}},"type":"binary-expr","locations":[{"start":{"line":207,"column":23},"end":{"line":207,"column":52}},{"start":{"line":207,"column":52},"end":{"line":207,"column":null}}],"line":207},"21":{"loc":{"start":{"line":213,"column":8},"end":{"line":215,"column":null}},"type":"if","locations":[{"start":{"line":213,"column":8},"end":{"line":215,"column":null}},{"start":{},"end":{}}],"line":213},"22":{"loc":{"start":{"line":214,"column":25},"end":{"line":214,"column":null}},"type":"binary-expr","locations":[{"start":{"line":214,"column":25},"end":{"line":214,"column":56}},{"start":{"line":214,"column":56},"end":{"line":214,"column":null}}],"line":214},"23":{"loc":{"start":{"line":234,"column":4},"end":{"line":236,"column":null}},"type":"if","locations":[{"start":{"line":234,"column":4},"end":{"line":236,"column":null}},{"start":{},"end":{}}],"line":234},"24":{"loc":{"start":{"line":250,"column":4},"end":{"line":252,"column":null}},"type":"if","locations":[{"start":{"line":250,"column":4},"end":{"line":252,"column":null}},{"start":{},"end":{}}],"line":250},"25":{"loc":{"start":{"line":265,"column":4},"end":{"line":267,"column":null}},"type":"if","locations":[{"start":{"line":265,"column":4},"end":{"line":267,"column":null}},{"start":{},"end":{}}],"line":265},"26":{"loc":{"start":{"line":277,"column":4},"end":{"line":279,"column":null}},"type":"if","locations":[{"start":{"line":277,"column":4},"end":{"line":279,"column":null}},{"start":{},"end":{}}],"line":277},"27":{"loc":{"start":{"line":289,"column":4},"end":{"line":291,"column":null}},"type":"if","locations":[{"start":{"line":289,"column":4},"end":{"line":291,"column":null}},{"start":{},"end":{}}],"line":289},"28":{"loc":{"start":{"line":301,"column":4},"end":{"line":304,"column":null}},"type":"if","locations":[{"start":{"line":301,"column":4},"end":{"line":304,"column":null}},{"start":{},"end":{}}],"line":301},"29":{"loc":{"start":{"line":315,"column":4},"end":{"line":318,"column":null}},"type":"if","locations":[{"start":{"line":315,"column":4},"end":{"line":318,"column":null}},{"start":{},"end":{}}],"line":315}},"s":{"0":1,"1":4,"2":4,"3":4,"4":5,"5":1,"6":4,"7":3,"8":0,"9":3,"10":3,"11":3,"12":0,"13":3,"14":3,"15":3,"16":0,"17":0,"18":0,"19":0,"20":0,"21":0,"22":0,"23":0,"24":0,"25":0,"26":0,"27":0,"28":0,"29":0,"30":0,"31":0,"32":0,"33":0,"34":0,"35":0,"36":0,"37":0,"38":0,"39":0,"40":0,"41":0,"42":0,"43":0,"44":0,"45":0,"46":0,"47":0,"48":0,"49":0,"50":0,"51":0,"52":0,"53":0,"54":0,"55":0,"56":0,"57":0,"58":0,"59":0,"60":0,"61":0,"62":0,"63":0,"64":0,"65":0,"66":0,"67":0,"68":0,"69":0,"70":0,"71":0,"72":0,"73":0,"74":0,"75":0,"76":0,"77":0,"78":0,"79":0,"80":0,"81":0,"82":0,"83":0,"84":0,"85":0,"86":0,"87":0,"88":0,"89":0,"90":0,"91":0,"92":0,"93":3,"94":3,"95":3,"96":3,"97":4,"98":2,"99":4,"100":4,"101":4,"102":7,"103":2},"f":{"0":4,"1":5,"2":3,"3":0,"4":0,"5":0,"6":0,"7":0,"8":0,"9":0,"10":0,"11":0,"12":0,"13":0,"14":0,"15":0,"16":0,"17":0,"18":0,"19":0,"20":3,"21":4,"22":7,"23":2},"b":{"0":[4],"1":[1,4],"2":[4,0],"3":[0,3],"4":[0,3],"5":[0,0],"6":[0,0],"7":[0,0],"8":[0,0],"9":[0,0],"10":[0,0],"11":[0,0],"12":[0,0],"13":[0,0],"14":[0,0],"15":[0,0],"16":[0,0],"17":[0,0],"18":[0,0],"19":[0,0],"20":[0,0],"21":[0,0],"22":[0,0],"23":[0,0],"24":[0,0],"25":[0,0],"26":[0,0],"27":[0,0],"28":[3,0],"29":[4,0]},"meta":{"lastBranch":30,"lastFunction":24,"lastStatement":104,"seen":{"s:14:38:21:Infinity":0,"f:28:2:28:14":0,"b:28:47:28:51":0,"s:24:2:24:Infinity":1,"s:26:2:26:Infinity":2,"s:29:4:29:Infinity":3,"f:35:8:35:36":1,"b:36:4:38:Infinity:undefined:undefined:undefined:undefined":1,"s:36:4:38:Infinity":4,"s:37:6:37:Infinity":5,"s:40:4:49:Infinity":6,"b:41:39:41:47:41:47:41:Infinity":2,"f:55:8:55:19":2,"b:56:4:58:Infinity:undefined:undefined:undefined:undefined":3,"s:56:4:58:Infinity":7,"s:57:6:57:Infinity":8,"s:60:17:60:Infinity":9,"s:62:4:62:Infinity":10,"b:64:4:66:Infinity:undefined:undefined:undefined:undefined":4,"s:64:4:66:Infinity":11,"s:65:6:65:Infinity":12,"s:68:4:68:Infinity":13,"s:70:4:70:Infinity":14,"s:71:4:71:Infinity":15,"f:77:8:77:Infinity":3,"s:81:17:81:Infinity":16,"b:82:4:84:Infinity:undefined:undefined:undefined:undefined":5,"s:82:4:84:Infinity":17,"s:83:6:83:Infinity":18,"s:86:22:86:Infinity":19,"s:88:21:91:Infinity":20,"s:93:21:93:Infinity":21,"s:95:4:101:Infinity":22,"b:97:18:97:40:97:40:97:Infinity":6,"b:98:15:98:38:98:38:98:Infinity":7,"f:107:8:107:27":4,"s:108:17:108:Infinity":23,"b:109:4:111:Infinity:undefined:undefined:undefined:undefined":8,"s:109:4:111:Infinity":24,"s:110:6:110:Infinity":25,"s:113:17:113:Infinity":26,"s:114:18:114:Infinity":27,"s:115:16:115:Infinity":28,"s:118:18:133:Infinity":29,"f:118:38:118:44":5,"s:119:27:119:Infinity":30,"s:120:6:132:Infinity":31,"f:120:42:120:51":6,"s:120:51:132:8":32,"b:121:12:121:23:121:23:121:Infinity":9,"b:122:14:122:27:122:27:122:Infinity":10,"f:125:81:125:91":7,"s:125:91:131:10":33,"b:126:17:126:52:126:52:126:Infinity":11,"b:127:17:127:52:127:52:127:Infinity":12,"b:128:14:128:26:128:26:128:Infinity":13,"b:129:18:129:54:129:54:129:Infinity":14,"s:136:18:154:Infinity":34,"f:136:38:136:44":8,"s:137:27:137:Infinity":35,"s:138:26:138:Infinity":36,"s:139:6:153:Infinity":37,"f:139:42:139:50":9,"s:140:22:140:Infinity":38,"s:141:25:141:Infinity":39,"s:142:8:147:Infinity":40,"s:143:26:143:Infinity":41,"s:144:10:144:Infinity":42,"s:146:10:146:Infinity":43,"s:148:8:152:Infinity":44,"b:150:16:150:44:150:44:150:Infinity":15,"s:157:20:164:Infinity":45,"f:157:40:157:46":10,"s:158:29:158:Infinity":46,"s:159:6:163:Infinity":47,"f:159:44:159:55":11,"s:159:55:163:8":48,"b:160:13:160:27:160:27:160:Infinity":16,"b:162:31:162:72:162:72:162:Infinity":17,"s:166:4:174:Infinity":49,"f:180:8:180:29":12,"s:181:17:181:Infinity":50,"b:182:4:184:Infinity:undefined:undefined:undefined:undefined":18,"s:182:4:184:Infinity":51,"s:183:6:183:Infinity":52,"s:187:20:187:Infinity":53,"s:188:37:197:Infinity":54,"f:188:49:188:55":13,"s:188:55:197:6":55,"s:200:20:219:Infinity":56,"f:200:40:200:46":14,"s:201:44:201:Infinity":57,"s:202:46:202:Infinity":58,"s:204:6:209:Infinity":59,"s:204:19:204:22":60,"s:205:20:205:Infinity":61,"b:206:8:208:Infinity:undefined:undefined:undefined:undefined":19,"s:206:8:208:Infinity":62,"s:207:10:207:Infinity":63,"b:207:23:207:52:207:52:207:Infinity":20,"s:211:6:216:Infinity":64,"s:211:19:211:22":65,"s:212:20:212:Infinity":66,"b:213:8:215:Infinity:undefined:undefined:undefined:undefined":21,"s:213:8:215:Infinity":67,"s:214:10:214:Infinity":68,"b:214:25:214:56:214:56:214:Infinity":22,"s:218:6:218:Infinity":69,"s:221:4:226:Infinity":70,"f:232:8:232:25":15,"s:233:17:233:Infinity":71,"b:234:4:236:Infinity:undefined:undefined:undefined:undefined":23,"s:234:4:236:Infinity":72,"s:235:6:235:Infinity":73,"s:238:4:238:Infinity":74,"f:244:8:244:Infinity":16,"s:249:17:249:Infinity":75,"b:250:4:252:Infinity:undefined:undefined:undefined:undefined":24,"s:250:4:252:Infinity":76,"s:251:6:251:Infinity":77,"s:254:4:257:Infinity":78,"s:255:23:255:Infinity":79,"s:256:6:256:Infinity":80,"f:263:8:263:14":17,"s:264:17:264:Infinity":81,"b:265:4:267:Infinity:undefined:undefined:undefined:undefined":25,"s:265:4:267:Infinity":82,"s:266:6:266:Infinity":83,"s:269:4:269:Infinity":84,"f:275:8:275:26":18,"s:276:17:276:Infinity":85,"b:277:4:279:Infinity:undefined:undefined:undefined:undefined":26,"s:277:4:279:Infinity":86,"s:278:6:278:Infinity":87,"s:281:4:281:Infinity":88,"f:287:8:287:19":19,"s:288:17:288:Infinity":89,"b:289:4:291:Infinity:undefined:undefined:undefined:undefined":27,"s:289:4:291:Infinity":90,"s:290:6:290:Infinity":91,"s:293:4:293:Infinity":92,"f:299:8:299:18":20,"s:300:17:300:Infinity":93,"b:301:4:304:Infinity:undefined:undefined:undefined:undefined":28,"s:301:4:304:Infinity":94,"s:302:6:302:Infinity":95,"s:303:6:303:Infinity":96,"f:310:8:310:31":21,"s:311:4:313:Infinity":97,"s:312:6:312:Infinity":98,"b:315:4:318:Infinity:undefined:undefined:undefined:undefined":29,"s:315:4:318:Infinity":99,"s:316:6:316:Infinity":100,"s:317:6:317:Infinity":101,"f:324:2:324:10":22,"s:325:4:325:Infinity":102,"f:331:2:331:27":23,"s:332:4:332:Infinity":103}}}
,"/home/kali/Desktop/$$$/kali-mcp-toolkit/js/src/browser/dom-analyzer.ts": {"path":"/home/kali/Desktop/$$$/kali-mcp-toolkit/js/src/browser/dom-analyzer.ts","statementMap":{"0":{"start":{"line":40,"column":2},"end":{"line":40,"column":null}},"1":{"start":{"line":41,"column":2},"end":{"line":41,"column":null}},"2":{"start":{"line":44,"column":4},"end":{"line":44,"column":null}},"3":{"start":{"line":51,"column":4},"end":{"line":53,"column":null}},"4":{"start":{"line":52,"column":6},"end":{"line":52,"column":null}},"5":{"start":{"line":55,"column":4},"end":{"line":79,"column":null}},"6":{"start":{"line":56,"column":7},"end":{"line":56,"column":null}},"7":{"start":{"line":58,"column":23},"end":{"line":69,"column":null}},"8":{"start":{"line":59,"column":8},"end":{"line":68,"column":null}},"9":{"start":{"line":60,"column":25},"end":{"line":66,"column":null}},"10":{"start":{"line":67,"column":11},"end":{"line":67,"column":null}},"11":{"start":{"line":71,"column":6},"end":{"line":76,"column":null}},"12":{"start":{"line":78,"column":7},"end":{"line":78,"column":null}},"13":{"start":{"line":81,"column":4},"end":{"line":81,"column":null}},"14":{"start":{"line":88,"column":20},"end":{"line":92,"column":null}},"15":{"start":{"line":89,"column":24},"end":{"line":89,"column":null}},"16":{"start":{"line":90,"column":7},"end":{"line":90,"column":null}},"17":{"start":{"line":91,"column":6},"end":{"line":91,"column":null}},"18":{"start":{"line":94,"column":4},"end":{"line":94,"column":null}},"19":{"start":{"line":95,"column":4},"end":{"line":95,"column":null}},"20":{"start":{"line":102,"column":18},"end":{"line":102,"column":null}},"21":{"start":{"line":103,"column":18},"end":{"line":103,"column":null}},"22":{"start":{"line":104,"column":24},"end":{"line":104,"column":null}},"23":{"start":{"line":105,"column":37},"end":{"line":105,"column":null}},"24":{"start":{"line":107,"column":4},"end":{"line":112,"column":null}},"25":{"start":{"line":119,"column":4},"end":{"line":134,"column":null}},"26":{"start":{"line":120,"column":20},"end":{"line":120,"column":null}},"27":{"start":{"line":121,"column":6},"end":{"line":133,"column":null}},"28":{"start":{"line":121,"column":44},"end":{"line":133,"column":8}},"29":{"start":{"line":126,"column":91},"end":{"line":132,"column":10}},"30":{"start":{"line":141,"column":4},"end":{"line":160,"column":null}},"31":{"start":{"line":142,"column":20},"end":{"line":142,"column":null}},"32":{"start":{"line":143,"column":26},"end":{"line":143,"column":null}},"33":{"start":{"line":145,"column":6},"end":{"line":159,"column":null}},"34":{"start":{"line":146,"column":22},"end":{"line":146,"column":null}},"35":{"start":{"line":147,"column":25},"end":{"line":147,"column":null}},"36":{"start":{"line":148,"column":8},"end":{"line":153,"column":null}},"37":{"start":{"line":149,"column":22},"end":{"line":149,"column":null}},"38":{"start":{"line":150,"column":10},"end":{"line":150,"column":null}},"39":{"start":{"line":152,"column":10},"end":{"line":152,"column":null}},"40":{"start":{"line":154,"column":8},"end":{"line":158,"column":null}},"41":{"start":{"line":167,"column":4},"end":{"line":183,"column":null}},"42":{"start":{"line":168,"column":21},"end":{"line":168,"column":null}},"43":{"start":{"line":170,"column":6},"end":{"line":182,"column":null}},"44":{"start":{"line":171,"column":19},"end":{"line":171,"column":null}},"45":{"start":{"line":172,"column":8},"end":{"line":181,"column":null}},"46":{"start":{"line":190,"column":4},"end":{"line":251,"column":null}},"47":{"start":{"line":191,"column":56},"end":{"line":191,"column":null}},"48":{"start":{"line":194,"column":20},"end":{"line":194,"column":null}},"49":{"start":{"line":195,"column":6},"end":{"line":205,"column":null}},"50":{"start":{"line":196,"column":24},"end":{"line":196,"column":null}},"51":{"start":{"line":197,"column":8},"end":{"line":204,"column":null}},"52":{"start":{"line":198,"column":10},"end":{"line":203,"column":null}},"53":{"start":{"line":208,"column":29},"end":{"line":208,"column":null}},"54":{"start":{"line":209,"column":6},"end":{"line":218,"column":null}},"55":{"start":{"line":210,"column":8},"end":{"line":217,"column":null}},"56":{"start":{"line":211,"column":10},"end":{"line":216,"column":null}},"57":{"start":{"line":221,"column":35},"end":{"line":221,"column":null}},"58":{"start":{"line":222,"column":6},"end":{"line":229,"column":null}},"59":{"start":{"line":223,"column":8},"end":{"line":228,"column":null}},"60":{"start":{"line":232,"column":23},"end":{"line":232,"column":null}},"61":{"start":{"line":233,"column":26},"end":{"line":233,"column":null}},"62":{"start":{"line":234,"column":6},"end":{"line":248,"column":null}},"63":{"start":{"line":235,"column":8},"end":{"line":247,"column":null}},"64":{"start":{"line":236,"column":28},"end":{"line":236,"column":null}},"65":{"start":{"line":237,"column":10},"end":{"line":244,"column":null}},"66":{"start":{"line":238,"column":12},"end":{"line":243,"column":null}},"67":{"start":{"line":250,"column":6},"end":{"line":250,"column":null}},"68":{"start":{"line":258,"column":33},"end":{"line":258,"column":null}},"69":{"start":{"line":261,"column":26},"end":{"line":261,"column":null}},"70":{"start":{"line":261,"column":56},"end":{"line":261,"column":72}},"71":{"start":{"line":262,"column":25},"end":{"line":262,"column":null}},"72":{"start":{"line":262,"column":54},"end":{"line":262,"column":70}},"73":{"start":{"line":264,"column":4},"end":{"line":273,"column":null}},"74":{"start":{"line":265,"column":6},"end":{"line":272,"column":null}},"75":{"start":{"line":266,"column":8},"end":{"line":271,"column":null}},"76":{"start":{"line":275,"column":4},"end":{"line":284,"column":null}},"77":{"start":{"line":276,"column":6},"end":{"line":283,"column":null}},"78":{"start":{"line":277,"column":8},"end":{"line":282,"column":null}},"79":{"start":{"line":286,"column":4},"end":{"line":286,"column":null}},"80":{"start":{"line":293,"column":4},"end":{"line":295,"column":null}},"81":{"start":{"line":294,"column":6},"end":{"line":294,"column":null}},"82":{"start":{"line":297,"column":4},"end":{"line":302,"column":null}},"83":{"start":{"line":298,"column":6},"end":{"line":301,"column":null}},"84":{"start":{"line":299,"column":9},"end":{"line":299,"column":null}},"85":{"start":{"line":300,"column":9},"end":{"line":300,"column":null}},"86":{"start":{"line":304,"column":4},"end":{"line":304,"column":null}}},"fnMap":{"0":{"name":"(anonymous_0)","decl":{"start":{"line":43,"column":2},"end":{"line":43,"column":14}},"loc":{"start":{"line":43,"column":26},"end":{"line":45,"column":null}},"line":43},"1":{"name":"(anonymous_1)","decl":{"start":{"line":50,"column":8},"end":{"line":50,"column":47}},"loc":{"start":{"line":50,"column":47},"end":{"line":82,"column":null}},"line":50},"2":{"name":"(anonymous_2)","decl":{"start":{"line":55,"column":29},"end":{"line":55,"column":35}},"loc":{"start":{"line":55,"column":35},"end":{"line":79,"column":5}},"line":55},"3":{"name":"(anonymous_3)","decl":{"start":{"line":58,"column":44},"end":{"line":58,"column":45}},"loc":{"start":{"line":58,"column":59},"end":{"line":69,"column":7}},"line":58},"4":{"name":"(anonymous_4)","decl":{"start":{"line":59,"column":26},"end":{"line":59,"column":27}},"loc":{"start":{"line":59,"column":40},"end":{"line":68,"column":9}},"line":59},"5":{"name":"(anonymous_5)","decl":{"start":{"line":87,"column":8},"end":{"line":87,"column":43}},"loc":{"start":{"line":87,"column":43},"end":{"line":96,"column":null}},"line":87},"6":{"name":"(anonymous_6)","decl":{"start":{"line":88,"column":45},"end":{"line":88,"column":51}},"loc":{"start":{"line":88,"column":51},"end":{"line":92,"column":5}},"line":88},"7":{"name":"(anonymous_7)","decl":{"start":{"line":101,"column":8},"end":{"line":101,"column":46}},"loc":{"start":{"line":101,"column":46},"end":{"line":113,"column":null}},"line":101},"8":{"name":"(anonymous_8)","decl":{"start":{"line":118,"column":16},"end":{"line":118,"column":52}},"loc":{"start":{"line":118,"column":52},"end":{"line":135,"column":null}},"line":118},"9":{"name":"(anonymous_9)","decl":{"start":{"line":119,"column":36},"end":{"line":119,"column":42}},"loc":{"start":{"line":119,"column":42},"end":{"line":134,"column":5}},"line":119},"10":{"name":"(anonymous_10)","decl":{"start":{"line":121,"column":35},"end":{"line":121,"column":44}},"loc":{"start":{"line":121,"column":44},"end":{"line":133,"column":8}},"line":121},"11":{"name":"(anonymous_11)","decl":{"start":{"line":126,"column":81},"end":{"line":126,"column":91}},"loc":{"start":{"line":126,"column":91},"end":{"line":132,"column":10}},"line":126},"12":{"name":"(anonymous_12)","decl":{"start":{"line":140,"column":16},"end":{"line":140,"column":52}},"loc":{"start":{"line":140,"column":52},"end":{"line":161,"column":null}},"line":140},"13":{"name":"(anonymous_13)","decl":{"start":{"line":141,"column":36},"end":{"line":141,"column":42}},"loc":{"start":{"line":141,"column":42},"end":{"line":160,"column":5}},"line":141},"14":{"name":"(anonymous_14)","decl":{"start":{"line":145,"column":35},"end":{"line":145,"column":43}},"loc":{"start":{"line":145,"column":43},"end":{"line":159,"column":7}},"line":145},"15":{"name":"(anonymous_15)","decl":{"start":{"line":166,"column":16},"end":{"line":166,"column":68}},"loc":{"start":{"line":166,"column":68},"end":{"line":184,"column":null}},"line":166},"16":{"name":"(anonymous_16)","decl":{"start":{"line":167,"column":36},"end":{"line":167,"column":42}},"loc":{"start":{"line":167,"column":42},"end":{"line":183,"column":5}},"line":167},"17":{"name":"(anonymous_17)","decl":{"start":{"line":170,"column":36},"end":{"line":170,"column":45}},"loc":{"start":{"line":170,"column":45},"end":{"line":182,"column":7}},"line":170},"18":{"name":"(anonymous_18)","decl":{"start":{"line":189,"column":16},"end":{"line":189,"column":84}},"loc":{"start":{"line":189,"column":84},"end":{"line":252,"column":null}},"line":189},"19":{"name":"(anonymous_19)","decl":{"start":{"line":190,"column":36},"end":{"line":190,"column":42}},"loc":{"start":{"line":190,"column":42},"end":{"line":251,"column":5}},"line":190},"20":{"name":"(anonymous_20)","decl":{"start":{"line":195,"column":20},"end":{"line":195,"column":28}},"loc":{"start":{"line":195,"column":28},"end":{"line":205,"column":7}},"line":195},"21":{"name":"(anonymous_21)","decl":{"start":{"line":209,"column":29},"end":{"line":209,"column":38}},"loc":{"start":{"line":209,"column":38},"end":{"line":218,"column":7}},"line":209},"22":{"name":"(anonymous_22)","decl":{"start":{"line":222,"column":35},"end":{"line":222,"column":41}},"loc":{"start":{"line":222,"column":41},"end":{"line":229,"column":7}},"line":222},"23":{"name":"(anonymous_23)","decl":{"start":{"line":234,"column":23},"end":{"line":234,"column":31}},"loc":{"start":{"line":234,"column":31},"end":{"line":248,"column":7}},"line":234},"24":{"name":"(anonymous_24)","decl":{"start":{"line":257,"column":2},"end":{"line":257,"column":19}},"loc":{"start":{"line":257,"column":73},"end":{"line":287,"column":null}},"line":257},"25":{"name":"(anonymous_25)","decl":{"start":{"line":261,"column":51},"end":{"line":261,"column":56}},"loc":{"start":{"line":261,"column":56},"end":{"line":261,"column":72}},"line":261},"26":{"name":"(anonymous_26)","decl":{"start":{"line":262,"column":49},"end":{"line":262,"column":54}},"loc":{"start":{"line":262,"column":54},"end":{"line":262,"column":70}},"line":262},"27":{"name":"(anonymous_27)","decl":{"start":{"line":292,"column":8},"end":{"line":292,"column":38}},"loc":{"start":{"line":292,"column":38},"end":{"line":305,"column":null}},"line":292},"28":{"name":"(anonymous_28)","decl":{"start":{"line":297,"column":29},"end":{"line":297,"column":35}},"loc":{"start":{"line":297,"column":35},"end":{"line":302,"column":5}},"line":297}},"branchMap":{"0":{"loc":{"start":{"line":51,"column":4},"end":{"line":53,"column":null}},"type":"if","locations":[{"start":{"line":51,"column":4},"end":{"line":53,"column":null}},{"start":{},"end":{}}],"line":51},"1":{"loc":{"start":{"line":61,"column":18},"end":{"line":63,"column":null}},"type":"cond-expr","locations":[{"start":{"line":62,"column":17},"end":{"line":62,"column":null}},{"start":{"line":63,"column":16},"end":{"line":63,"column":null}}],"line":61},"2":{"loc":{"start":{"line":62,"column":17},"end":{"line":62,"column":null}},"type":"cond-expr","locations":[{"start":{"line":62,"column":50},"end":{"line":62,"column":60}},{"start":{"line":62,"column":60},"end":{"line":62,"column":null}}],"line":62},"3":{"loc":{"start":{"line":64,"column":22},"end":{"line":64,"column":null}},"type":"binary-expr","locations":[{"start":{"line":64,"column":22},"end":{"line":64,"column":61}},{"start":{"line":64,"column":61},"end":{"line":64,"column":null}}],"line":64},"4":{"loc":{"start":{"line":89,"column":24},"end":{"line":89,"column":null}},"type":"binary-expr","locations":[{"start":{"line":89,"column":24},"end":{"line":89,"column":55}},{"start":{"line":89,"column":55},"end":{"line":89,"column":null}}],"line":89},"5":{"loc":{"start":{"line":122,"column":12},"end":{"line":122,"column":null}},"type":"binary-expr","locations":[{"start":{"line":122,"column":12},"end":{"line":122,"column":23}},{"start":{"line":122,"column":23},"end":{"line":122,"column":null}}],"line":122},"6":{"loc":{"start":{"line":123,"column":14},"end":{"line":123,"column":null}},"type":"binary-expr","locations":[{"start":{"line":123,"column":14},"end":{"line":123,"column":27}},{"start":{"line":123,"column":27},"end":{"line":123,"column":null}}],"line":123},"7":{"loc":{"start":{"line":127,"column":17},"end":{"line":127,"column":null}},"type":"binary-expr","locations":[{"start":{"line":127,"column":17},"end":{"line":127,"column":52}},{"start":{"line":127,"column":52},"end":{"line":127,"column":null}}],"line":127},"8":{"loc":{"start":{"line":128,"column":17},"end":{"line":128,"column":null}},"type":"binary-expr","locations":[{"start":{"line":128,"column":17},"end":{"line":128,"column":52}},{"start":{"line":128,"column":52},"end":{"line":128,"column":null}}],"line":128},"9":{"loc":{"start":{"line":129,"column":14},"end":{"line":129,"column":null}},"type":"binary-expr","locations":[{"start":{"line":129,"column":14},"end":{"line":129,"column":26}},{"start":{"line":129,"column":26},"end":{"line":129,"column":null}}],"line":129},"10":{"loc":{"start":{"line":130,"column":18},"end":{"line":130,"column":null}},"type":"binary-expr","locations":[{"start":{"line":130,"column":18},"end":{"line":130,"column":54}},{"start":{"line":130,"column":54},"end":{"line":130,"column":null}}],"line":130},"11":{"loc":{"start":{"line":156,"column":16},"end":{"line":156,"column":null}},"type":"binary-expr","locations":[{"start":{"line":156,"column":16},"end":{"line":156,"column":44}},{"start":{"line":156,"column":44},"end":{"line":156,"column":null}}],"line":156},"12":{"loc":{"start":{"line":173,"column":16},"end":{"line":173,"column":null}},"type":"binary-expr","locations":[{"start":{"line":173,"column":16},"end":{"line":173,"column":27}},{"start":{"line":173,"column":27},"end":{"line":173,"column":36}},{"start":{"line":173,"column":36},"end":{"line":173,"column":null}}],"line":173},"13":{"loc":{"start":{"line":174,"column":16},"end":{"line":174,"column":null}},"type":"binary-expr","locations":[{"start":{"line":174,"column":16},"end":{"line":174,"column":27}},{"start":{"line":174,"column":27},"end":{"line":174,"column":null}}],"line":174},"14":{"loc":{"start":{"line":175,"column":25},"end":{"line":175,"column":null}},"type":"binary-expr","locations":[{"start":{"line":175,"column":25},"end":{"line":175,"column":46}},{"start":{"line":175,"column":46},"end":{"line":175,"column":61}},{"start":{"line":175,"column":61},"end":{"line":175,"column":null}}],"line":175},"15":{"loc":{"start":{"line":176,"column":21},"end":{"line":176,"column":null}},"type":"cond-expr","locations":[{"start":{"line":176,"column":40},"end":{"line":176,"column":55}},{"start":{"line":176,"column":55},"end":{"line":176,"column":null}}],"line":176},"16":{"loc":{"start":{"line":177,"column":19},"end":{"line":177,"column":null}},"type":"binary-expr","locations":[{"start":{"line":177,"column":19},"end":{"line":177,"column":33}},{"start":{"line":177,"column":33},"end":{"line":177,"column":null}}],"line":177},"17":{"loc":{"start":{"line":178,"column":20},"end":{"line":180,"column":null}},"type":"binary-expr","locations":[{"start":{"line":178,"column":20},"end":{"line":178,"column":null}},{"start":{"line":179,"column":20},"end":{"line":179,"column":null}},{"start":{"line":180,"column":20},"end":{"line":180,"column":null}}],"line":178},"18":{"loc":{"start":{"line":197,"column":8},"end":{"line":204,"column":null}},"type":"if","locations":[{"start":{"line":197,"column":8},"end":{"line":204,"column":null}},{"start":{},"end":{}}],"line":197},"19":{"loc":{"start":{"line":200,"column":29},"end":{"line":200,"column":49}},"type":"binary-expr","locations":[{"start":{"line":200,"column":29},"end":{"line":200,"column":40}},{"start":{"line":200,"column":40},"end":{"line":200,"column":49}}],"line":200},"20":{"loc":{"start":{"line":210,"column":8},"end":{"line":217,"column":null}},"type":"if","locations":[{"start":{"line":210,"column":8},"end":{"line":217,"column":null}},{"start":{},"end":{}}],"line":210},"21":{"loc":{"start":{"line":213,"column":30},"end":{"line":213,"column":51}},"type":"binary-expr","locations":[{"start":{"line":213,"column":30},"end":{"line":213,"column":42}},{"start":{"line":213,"column":42},"end":{"line":213,"column":51}}],"line":213},"22":{"loc":{"start":{"line":237,"column":10},"end":{"line":244,"column":null}},"type":"if","locations":[{"start":{"line":237,"column":10},"end":{"line":244,"column":null}},{"start":{},"end":{}}],"line":237},"23":{"loc":{"start":{"line":240,"column":31},"end":{"line":240,"column":51}},"type":"binary-expr","locations":[{"start":{"line":240,"column":31},"end":{"line":240,"column":42}},{"start":{"line":240,"column":42},"end":{"line":240,"column":51}}],"line":240},"24":{"loc":{"start":{"line":261,"column":56},"end":{"line":261,"column":72}},"type":"binary-expr","locations":[{"start":{"line":261,"column":56},"end":{"line":261,"column":64}},{"start":{"line":261,"column":64},"end":{"line":261,"column":72}}],"line":261},"25":{"loc":{"start":{"line":262,"column":54},"end":{"line":262,"column":70}},"type":"binary-expr","locations":[{"start":{"line":262,"column":54},"end":{"line":262,"column":62}},{"start":{"line":262,"column":62},"end":{"line":262,"column":70}}],"line":262},"26":{"loc":{"start":{"line":265,"column":6},"end":{"line":272,"column":null}},"type":"if","locations":[{"start":{"line":265,"column":6},"end":{"line":272,"column":null}},{"start":{},"end":{}}],"line":265},"27":{"loc":{"start":{"line":276,"column":6},"end":{"line":283,"column":null}},"type":"if","locations":[{"start":{"line":276,"column":6},"end":{"line":283,"column":null}},{"start":{},"end":{}}],"line":276},"28":{"loc":{"start":{"line":293,"column":4},"end":{"line":295,"column":null}},"type":"if","locations":[{"start":{"line":293,"column":4},"end":{"line":295,"column":null}},{"start":{},"end":{}}],"line":293},"29":{"loc":{"start":{"line":298,"column":6},"end":{"line":301,"column":null}},"type":"if","locations":[{"start":{"line":298,"column":6},"end":{"line":301,"column":null}},{"start":{},"end":{}}],"line":298}},"s":{"0":2,"1":2,"2":2,"3":0,"4":0,"5":0,"6":0,"7":0,"8":0,"9":0,"10":0,"11":0,"12":0,"13":0,"14":0,"15":0,"16":0,"17":0,"18":0,"19":0,"20":0,"21":0,"22":0,"23":0,"24":0,"25":0,"26":0,"27":0,"28":0,"29":0,"30":0,"31":0,"32":0,"33":0,"34":0,"35":0,"36":0,"37":0,"38":0,"39":0,"40":0,"41":0,"42":0,"43":0,"44":0,"45":0,"46":0,"47":0,"48":0,"49":0,"50":0,"51":0,"52":0,"53":0,"54":0,"55":0,"56":0,"57":0,"58":0,"59":0,"60":0,"61":0,"62":0,"63":0,"64":0,"65":0,"66":0,"67":0,"68":2,"69":2,"70":1,"71":2,"72":1,"73":2,"74":1,"75":1,"76":2,"77":1,"78":1,"79":2,"80":0,"81":0,"82":0,"83":0,"84":0,"85":0,"86":0},"f":{"0":2,"1":0,"2":0,"3":0,"4":0,"5":0,"6":0,"7":0,"8":0,"9":0,"10":0,"11":0,"12":0,"13":0,"14":0,"15":0,"16":0,"17":0,"18":0,"19":0,"20":0,"21":0,"22":0,"23":0,"24":2,"25":1,"26":1,"27":0,"28":0},"b":{"0":[0,0],"1":[0,0],"2":[0,0],"3":[0,0],"4":[0,0],"5":[0,0],"6":[0,0],"7":[0,0],"8":[0,0],"9":[0,0],"10":[0,0],"11":[0,0],"12":[0,0,0],"13":[0,0],"14":[0,0,0],"15":[0,0],"16":[0,0],"17":[0,0,0],"18":[0,0],"19":[0,0],"20":[0,0],"21":[0,0],"22":[0,0],"23":[0,0],"24":[1,1],"25":[1,1],"26":[1,0],"27":[1,0],"28":[0,0],"29":[0,0]},"meta":{"lastBranch":30,"lastFunction":29,"lastStatement":87,"seen":{"f:43:2:43:14":0,"s:40:2:40:Infinity":0,"s:41:2:41:Infinity":1,"s:44:4:44:Infinity":2,"f:50:8:50:47":1,"b:51:4:53:Infinity:undefined:undefined:undefined:undefined":0,"s:51:4:53:Infinity":3,"s:52:6:52:Infinity":4,"s:55:4:79:Infinity":5,"f:55:29:55:35":2,"s:56:7:56:Infinity":6,"s:58:23:69:Infinity":7,"f:58:44:58:45":3,"s:59:8:68:Infinity":8,"f:59:26:59:27":4,"s:60:25:66:Infinity":9,"b:62:17:62:Infinity:63:16:63:Infinity":1,"b:62:50:62:60:62:60:62:Infinity":2,"b:64:22:64:61:64:61:64:Infinity":3,"s:67:11:67:Infinity":10,"s:71:6:76:Infinity":11,"s:78:7:78:Infinity":12,"s:81:4:81:Infinity":13,"f:87:8:87:43":5,"s:88:20:92:Infinity":14,"f:88:45:88:51":6,"s:89:24:89:Infinity":15,"b:89:24:89:55:89:55:89:Infinity":4,"s:90:7:90:Infinity":16,"s:91:6:91:Infinity":17,"s:94:4:94:Infinity":18,"s:95:4:95:Infinity":19,"f:101:8:101:46":7,"s:102:18:102:Infinity":20,"s:103:18:103:Infinity":21,"s:104:24:104:Infinity":22,"s:105:37:105:Infinity":23,"s:107:4:112:Infinity":24,"f:118:16:118:52":8,"s:119:4:134:Infinity":25,"f:119:36:119:42":9,"s:120:20:120:Infinity":26,"s:121:6:133:Infinity":27,"f:121:35:121:44":10,"s:121:44:133:8":28,"b:122:12:122:23:122:23:122:Infinity":5,"b:123:14:123:27:123:27:123:Infinity":6,"f:126:81:126:91":11,"s:126:91:132:10":29,"b:127:17:127:52:127:52:127:Infinity":7,"b:128:17:128:52:128:52:128:Infinity":8,"b:129:14:129:26:129:26:129:Infinity":9,"b:130:18:130:54:130:54:130:Infinity":10,"f:140:16:140:52":12,"s:141:4:160:Infinity":30,"f:141:36:141:42":13,"s:142:20:142:Infinity":31,"s:143:26:143:Infinity":32,"s:145:6:159:Infinity":33,"f:145:35:145:43":14,"s:146:22:146:Infinity":34,"s:147:25:147:Infinity":35,"s:148:8:153:Infinity":36,"s:149:22:149:Infinity":37,"s:150:10:150:Infinity":38,"s:152:10:152:Infinity":39,"s:154:8:158:Infinity":40,"b:156:16:156:44:156:44:156:Infinity":11,"f:166:16:166:68":15,"s:167:4:183:Infinity":41,"f:167:36:167:42":16,"s:168:21:168:Infinity":42,"s:170:6:182:Infinity":43,"f:170:36:170:45":17,"s:171:19:171:Infinity":44,"s:172:8:181:Infinity":45,"b:173:16:173:27:173:27:173:36:173:36:173:Infinity":12,"b:174:16:174:27:174:27:174:Infinity":13,"b:175:25:175:46:175:46:175:61:175:61:175:Infinity":14,"b:176:40:176:55:176:55:176:Infinity":15,"b:177:19:177:33:177:33:177:Infinity":16,"b:178:20:178:Infinity:179:20:179:Infinity:180:20:180:Infinity":17,"f:189:16:189:84":18,"s:190:4:251:Infinity":46,"f:190:36:190:42":19,"s:191:56:191:Infinity":47,"s:194:20:194:Infinity":48,"s:195:6:205:Infinity":49,"f:195:20:195:28":20,"s:196:24:196:Infinity":50,"b:197:8:204:Infinity:undefined:undefined:undefined:undefined":18,"s:197:8:204:Infinity":51,"s:198:10:203:Infinity":52,"b:200:29:200:40:200:40:200:49":19,"s:208:29:208:Infinity":53,"s:209:6:218:Infinity":54,"f:209:29:209:38":21,"b:210:8:217:Infinity:undefined:undefined:undefined:undefined":20,"s:210:8:217:Infinity":55,"s:211:10:216:Infinity":56,"b:213:30:213:42:213:42:213:51":21,"s:221:35:221:Infinity":57,"s:222:6:229:Infinity":58,"f:222:35:222:41":22,"s:223:8:228:Infinity":59,"s:232:23:232:Infinity":60,"s:233:26:233:Infinity":61,"s:234:6:248:Infinity":62,"f:234:23:234:31":23,"s:235:8:247:Infinity":63,"s:236:28:236:Infinity":64,"b:237:10:244:Infinity:undefined:undefined:undefined:undefined":22,"s:237:10:244:Infinity":65,"s:238:12:243:Infinity":66,"b:240:31:240:42:240:42:240:51":23,"s:250:6:250:Infinity":67,"f:257:2:257:19":24,"s:258:33:258:Infinity":68,"s:261:26:261:Infinity":69,"f:261:51:261:56":25,"s:261:56:261:72":70,"b:261:56:261:64:261:64:261:72":24,"s:262:25:262:Infinity":71,"f:262:49:262:54":26,"s:262:54:262:70":72,"b:262:54:262:62:262:62:262:70":25,"s:264:4:273:Infinity":73,"b:265:6:272:Infinity:undefined:undefined:undefined:undefined":26,"s:265:6:272:Infinity":74,"s:266:8:271:Infinity":75,"s:275:4:284:Infinity":76,"b:276:6:283:Infinity:undefined:undefined:undefined:undefined":27,"s:276:6:283:Infinity":77,"s:277:8:282:Infinity":78,"s:286:4:286:Infinity":79,"f:292:8:292:38":27,"b:293:4:295:Infinity:undefined:undefined:undefined:undefined":28,"s:293:4:295:Infinity":80,"s:294:6:294:Infinity":81,"s:297:4:302:Infinity":82,"f:297:29:297:35":28,"b:298:6:301:Infinity:undefined:undefined:undefined:undefined":29,"s:298:6:301:Infinity":83,"s:299:9:299:Infinity":84,"s:300:9:300:Infinity":85,"s:304:4:304:Infinity":86}}}
,"/home/kali/Desktop/$$$/kali-mcp-toolkit/js/src/browser/js-executor.ts": {"path":"/home/kali/Desktop/$$$/kali-mcp-toolkit/js/src/browser/js-executor.ts","statementMap":{"0":{"start":{"line":12,"column":4},"end":{"line":12,"column":null}},"1":{"start":{"line":19,"column":4},"end":{"line":19,"column":null}},"2":{"start":{"line":29,"column":4},"end":{"line":29,"column":null}},"3":{"start":{"line":36,"column":4},"end":{"line":74,"column":null}},"4":{"start":{"line":38,"column":22},"end":{"line":48,"column":null}},"5":{"start":{"line":39,"column":30},"end":{"line":39,"column":null}},"6":{"start":{"line":40,"column":8},"end":{"line":47,"column":null}},"7":{"start":{"line":48,"column":21},"end":{"line":48,"column":27}},"8":{"start":{"line":51,"column":44},"end":{"line":51,"column":null}},"9":{"start":{"line":52,"column":6},"end":{"line":57,"column":null}},"10":{"start":{"line":52,"column":19},"end":{"line":52,"column":22}},"11":{"start":{"line":53,"column":20},"end":{"line":53,"column":null}},"12":{"start":{"line":54,"column":8},"end":{"line":56,"column":null}},"13":{"start":{"line":55,"column":10},"end":{"line":55,"column":null}},"14":{"start":{"line":60,"column":46},"end":{"line":60,"column":null}},"15":{"start":{"line":61,"column":6},"end":{"line":66,"column":null}},"16":{"start":{"line":61,"column":19},"end":{"line":61,"column":22}},"17":{"start":{"line":62,"column":20},"end":{"line":62,"column":null}},"18":{"start":{"line":63,"column":8},"end":{"line":65,"column":null}},"19":{"start":{"line":64,"column":10},"end":{"line":64,"column":null}},"20":{"start":{"line":68,"column":6},"end":{"line":73,"column":null}},"21":{"start":{"line":81,"column":4},"end":{"line":106,"column":null}},"22":{"start":{"line":83,"column":29},"end":{"line":103,"column":null}},"23":{"start":{"line":105,"column":6},"end":{"line":105,"column":null}},"24":{"start":{"line":105,"column":46},"end":{"line":105,"column":55}},"25":{"start":{"line":113,"column":4},"end":{"line":141,"column":null}},"26":{"start":{"line":115,"column":30},"end":{"line":129,"column":null}},"27":{"start":{"line":117,"column":27},"end":{"line":117,"column":null}},"28":{"start":{"line":118,"column":10},"end":{"line":118,"column":null}},"29":{"start":{"line":121,"column":27},"end":{"line":121,"column":null}},"30":{"start":{"line":122,"column":10},"end":{"line":122,"column":null}},"31":{"start":{"line":126,"column":22},"end":{"line":126,"column":null}},"32":{"start":{"line":127,"column":10},"end":{"line":127,"column":null}},"33":{"start":{"line":131,"column":6},"end":{"line":138,"column":null}},"34":{"start":{"line":132,"column":8},"end":{"line":137,"column":null}},"35":{"start":{"line":133,"column":23},"end":{"line":133,"column":null}},"36":{"start":{"line":134,"column":10},"end":{"line":134,"column":null}},"37":{"start":{"line":134,"column":20},"end":{"line":134,"column":null}},"38":{"start":{"line":136,"column":10},"end":{"line":136,"column":null}},"39":{"start":{"line":140,"column":6},"end":{"line":140,"column":null}},"40":{"start":{"line":148,"column":18},"end":{"line":148,"column":null}},"41":{"start":{"line":149,"column":39},"end":{"line":149,"column":null}},"42":{"start":{"line":151,"column":4},"end":{"line":168,"column":null}},"43":{"start":{"line":152,"column":6},"end":{"line":167,"column":null}},"44":{"start":{"line":153,"column":23},"end":{"line":153,"column":null}},"45":{"start":{"line":154,"column":8},"end":{"line":159,"column":null}},"46":{"start":{"line":161,"column":8},"end":{"line":166,"column":null}},"47":{"start":{"line":170,"column":4},"end":{"line":170,"column":null}},"48":{"start":{"line":177,"column":4},"end":{"line":203,"column":null}},"49":{"start":{"line":178,"column":21},"end":{"line":178,"column":null}},"50":{"start":{"line":179,"column":6},"end":{"line":179,"column":null}},"51":{"start":{"line":179,"column":19},"end":{"line":179,"column":null}},"52":{"start":{"line":182,"column":7},"end":{"line":182,"column":null}},"53":{"start":{"line":185,"column":28},"end":{"line":188,"column":null}},"54":{"start":{"line":191,"column":6},"end":{"line":196,"column":null}},"55":{"start":{"line":192,"column":8},"end":{"line":192,"column":null}},"56":{"start":{"line":193,"column":8},"end":{"line":193,"column":null}},"57":{"start":{"line":195,"column":8},"end":{"line":195,"column":null}},"58":{"start":{"line":199,"column":24},"end":{"line":199,"column":null}},"59":{"start":{"line":200,"column":6},"end":{"line":200,"column":null}},"60":{"start":{"line":202,"column":6},"end":{"line":202,"column":null}},"61":{"start":{"line":210,"column":4},"end":{"line":229,"column":null}},"62":{"start":{"line":211,"column":46},"end":{"line":211,"column":null}},"63":{"start":{"line":212,"column":27},"end":{"line":212,"column":null}},"64":{"start":{"line":215,"column":6},"end":{"line":226,"column":null}},"65":{"start":{"line":216,"column":8},"end":{"line":225,"column":null}},"66":{"start":{"line":217,"column":10},"end":{"line":224,"column":null}},"67":{"start":{"line":218,"column":27},"end":{"line":218,"column":null}},"68":{"start":{"line":219,"column":12},"end":{"line":221,"column":null}},"69":{"start":{"line":223,"column":12},"end":{"line":223,"column":null}},"70":{"start":{"line":228,"column":6},"end":{"line":228,"column":null}},"71":{"start":{"line":236,"column":4},"end":{"line":248,"column":null}},"72":{"start":{"line":237,"column":7},"end":{"line":237,"column":null}},"73":{"start":{"line":239,"column":6},"end":{"line":247,"column":null}},"74":{"start":{"line":240,"column":8},"end":{"line":246,"column":null}},"75":{"start":{"line":241,"column":11},"end":{"line":245,"column":null}},"76":{"start":{"line":255,"column":4},"end":{"line":259,"column":null}},"77":{"start":{"line":256,"column":22},"end":{"line":256,"column":null}},"78":{"start":{"line":257,"column":7},"end":{"line":257,"column":null}},"79":{"start":{"line":258,"column":6},"end":{"line":258,"column":null}},"80":{"start":{"line":270,"column":24},"end":{"line":270,"column":null}},"81":{"start":{"line":272,"column":22},"end":{"line":277,"column":null}},"82":{"start":{"line":273,"column":19},"end":{"line":273,"column":null}},"83":{"start":{"line":274,"column":6},"end":{"line":274,"column":null}},"84":{"start":{"line":274,"column":17},"end":{"line":274,"column":null}},"85":{"start":{"line":275,"column":6},"end":{"line":275,"column":null}},"86":{"start":{"line":276,"column":6},"end":{"line":276,"column":null}},"87":{"start":{"line":279,"column":4},"end":{"line":281,"column":null}},"88":{"start":{"line":280,"column":6},"end":{"line":280,"column":null}},"89":{"start":{"line":284,"column":4},"end":{"line":294,"column":null}},"90":{"start":{"line":285,"column":6},"end":{"line":285,"column":null}},"91":{"start":{"line":286,"column":21},"end":{"line":286,"column":null}},"92":{"start":{"line":287,"column":6},"end":{"line":291,"column":null}},"93":{"start":{"line":293,"column":6},"end":{"line":293,"column":null}}},"fnMap":{"0":{"name":"(anonymous_0)","decl":{"start":{"line":11,"column":2},"end":{"line":11,"column":14}},"loc":{"start":{"line":11,"column":26},"end":{"line":13,"column":null}},"line":11},"1":{"name":"(anonymous_1)","decl":{"start":{"line":18,"column":8},"end":{"line":18,"column":19}},"loc":{"start":{"line":18,"column":47},"end":{"line":20,"column":null}},"line":18},"2":{"name":"(anonymous_2)","decl":{"start":{"line":25,"column":8},"end":{"line":25,"column":null}},"loc":{"start":{"line":28,"column":16},"end":{"line":30,"column":null}},"line":28},"3":{"name":"(anonymous_3)","decl":{"start":{"line":35,"column":8},"end":{"line":35,"column":43}},"loc":{"start":{"line":35,"column":43},"end":{"line":75,"column":null}},"line":35},"4":{"name":"(anonymous_4)","decl":{"start":{"line":36,"column":36},"end":{"line":36,"column":42}},"loc":{"start":{"line":36,"column":42},"end":{"line":74,"column":5}},"line":36},"5":{"name":"(anonymous_5)","decl":{"start":{"line":38,"column":53},"end":{"line":38,"column":58}},"loc":{"start":{"line":38,"column":58},"end":{"line":48,"column":7}},"line":38},"6":{"name":"(anonymous_6)","decl":{"start":{"line":48,"column":16},"end":{"line":48,"column":21}},"loc":{"start":{"line":48,"column":21},"end":{"line":48,"column":27}},"line":48},"7":{"name":"(anonymous_7)","decl":{"start":{"line":80,"column":8},"end":{"line":80,"column":44}},"loc":{"start":{"line":80,"column":44},"end":{"line":107,"column":null}},"line":80},"8":{"name":"(anonymous_8)","decl":{"start":{"line":81,"column":36},"end":{"line":81,"column":42}},"loc":{"start":{"line":81,"column":42},"end":{"line":106,"column":5}},"line":81},"9":{"name":"(anonymous_9)","decl":{"start":{"line":105,"column":33},"end":{"line":105,"column":46}},"loc":{"start":{"line":105,"column":46},"end":{"line":105,"column":55}},"line":105},"10":{"name":"(anonymous_10)","decl":{"start":{"line":112,"column":8},"end":{"line":112,"column":62}},"loc":{"start":{"line":112,"column":62},"end":{"line":142,"column":null}},"line":112},"11":{"name":"(anonymous_11)","decl":{"start":{"line":113,"column":36},"end":{"line":113,"column":42}},"loc":{"start":{"line":113,"column":42},"end":{"line":141,"column":5}},"line":113},"12":{"name":"(anonymous_12)","decl":{"start":{"line":116,"column":8},"end":{"line":116,"column":14}},"loc":{"start":{"line":116,"column":14},"end":{"line":119,"column":null}},"line":116},"13":{"name":"(anonymous_13)","decl":{"start":{"line":120,"column":8},"end":{"line":120,"column":14}},"loc":{"start":{"line":120,"column":14},"end":{"line":123,"column":null}},"line":120},"14":{"name":"(anonymous_14)","decl":{"start":{"line":124,"column":8},"end":{"line":124,"column":14}},"loc":{"start":{"line":124,"column":14},"end":{"line":128,"column":null}},"line":124},"15":{"name":"(anonymous_15)","decl":{"start":{"line":147,"column":8},"end":{"line":147,"column":27}},"loc":{"start":{"line":147,"column":81},"end":{"line":171,"column":null}},"line":147},"16":{"name":"(anonymous_16)","decl":{"start":{"line":176,"column":8},"end":{"line":176,"column":23}},"loc":{"start":{"line":176,"column":82},"end":{"line":204,"column":null}},"line":176},"17":{"name":"(anonymous_17)","decl":{"start":{"line":177,"column":36},"end":{"line":177,"column":37}},"loc":{"start":{"line":177,"column":59},"end":{"line":203,"column":7}},"line":177},"18":{"name":"(anonymous_18)","decl":{"start":{"line":209,"column":8},"end":{"line":209,"column":66}},"loc":{"start":{"line":209,"column":66},"end":{"line":230,"column":null}},"line":209},"19":{"name":"(anonymous_19)","decl":{"start":{"line":210,"column":36},"end":{"line":210,"column":42}},"loc":{"start":{"line":210,"column":42},"end":{"line":229,"column":5}},"line":210},"20":{"name":"(anonymous_20)","decl":{"start":{"line":235,"column":8},"end":{"line":235,"column":26}},"loc":{"start":{"line":235,"column":63},"end":{"line":249,"column":null}},"line":235},"21":{"name":"(anonymous_21)","decl":{"start":{"line":236,"column":29},"end":{"line":236,"column":30}},"loc":{"start":{"line":236,"column":40},"end":{"line":248,"column":7}},"line":236},"22":{"name":"(anonymous_22)","decl":{"start":{"line":239,"column":20},"end":{"line":239,"column":28}},"loc":{"start":{"line":239,"column":28},"end":{"line":247,"column":7}},"line":239},"23":{"name":"(anonymous_23)","decl":{"start":{"line":240,"column":40},"end":{"line":240,"column":41}},"loc":{"start":{"line":240,"column":51},"end":{"line":246,"column":11}},"line":240},"24":{"name":"(anonymous_24)","decl":{"start":{"line":254,"column":8},"end":{"line":254,"column":97}},"loc":{"start":{"line":254,"column":97},"end":{"line":260,"column":null}},"line":254},"25":{"name":"(anonymous_25)","decl":{"start":{"line":255,"column":36},"end":{"line":255,"column":42}},"loc":{"start":{"line":255,"column":42},"end":{"line":259,"column":5}},"line":255},"26":{"name":"(anonymous_26)","decl":{"start":{"line":265,"column":8},"end":{"line":265,"column":29}},"loc":{"start":{"line":269,"column":5},"end":{"line":295,"column":null}},"line":269},"27":{"name":"(anonymous_27)","decl":{"start":{"line":272,"column":47},"end":{"line":272,"column":48}},"loc":{"start":{"line":272,"column":61},"end":{"line":277,"column":7}},"line":272}},"branchMap":{"0":{"loc":{"start":{"line":42,"column":17},"end":{"line":42,"column":null}},"type":"binary-expr","locations":[{"start":{"line":42,"column":17},"end":{"line":42,"column":26}},{"start":{"line":42,"column":26},"end":{"line":42,"column":null}}],"line":42},"1":{"loc":{"start":{"line":54,"column":8},"end":{"line":56,"column":null}},"type":"if","locations":[{"start":{"line":54,"column":8},"end":{"line":56,"column":null}},{"start":{},"end":{}}],"line":54},"2":{"loc":{"start":{"line":55,"column":23},"end":{"line":55,"column":null}},"type":"binary-expr","locations":[{"start":{"line":55,"column":23},"end":{"line":55,"column":52}},{"start":{"line":55,"column":52},"end":{"line":55,"column":null}}],"line":55},"3":{"loc":{"start":{"line":63,"column":8},"end":{"line":65,"column":null}},"type":"if","locations":[{"start":{"line":63,"column":8},"end":{"line":65,"column":null}},{"start":{},"end":{}}],"line":63},"4":{"loc":{"start":{"line":64,"column":25},"end":{"line":64,"column":null}},"type":"binary-expr","locations":[{"start":{"line":64,"column":25},"end":{"line":64,"column":56}},{"start":{"line":64,"column":56},"end":{"line":64,"column":null}}],"line":64},"5":{"loc":{"start":{"line":118,"column":17},"end":{"line":118,"column":null}},"type":"cond-expr","locations":[{"start":{"line":118,"column":28},"end":{"line":118,"column":51}},{"start":{"line":118,"column":51},"end":{"line":118,"column":null}}],"line":118},"6":{"loc":{"start":{"line":122,"column":17},"end":{"line":122,"column":null}},"type":"cond-expr","locations":[{"start":{"line":122,"column":28},"end":{"line":122,"column":51}},{"start":{"line":122,"column":51},"end":{"line":122,"column":null}}],"line":122},"7":{"loc":{"start":{"line":127,"column":17},"end":{"line":127,"column":null}},"type":"binary-expr","locations":[{"start":{"line":127,"column":17},"end":{"line":127,"column":33}},{"start":{"line":127,"column":33},"end":{"line":127,"column":45}},{"start":{"line":127,"column":45},"end":{"line":127,"column":64}},{"start":{"line":127,"column":64},"end":{"line":127,"column":null}}],"line":127},"8":{"loc":{"start":{"line":134,"column":10},"end":{"line":134,"column":null}},"type":"if","locations":[{"start":{"line":134,"column":10},"end":{"line":134,"column":null}},{"start":{},"end":{}}],"line":134},"9":{"loc":{"start":{"line":157,"column":19},"end":{"line":157,"column":null}},"type":"cond-expr","locations":[{"start":{"line":157,"column":28},"end":{"line":157,"column":40}},{"start":{"line":157,"column":40},"end":{"line":157,"column":null}}],"line":157},"10":{"loc":{"start":{"line":179,"column":6},"end":{"line":179,"column":null}},"type":"if","locations":[{"start":{"line":179,"column":6},"end":{"line":179,"column":null}},{"start":{},"end":{}}],"line":179},"11":{"loc":{"start":{"line":191,"column":6},"end":{"line":196,"column":null}},"type":"if","locations":[{"start":{"line":191,"column":6},"end":{"line":196,"column":null}},{"start":{"line":194,"column":13},"end":{"line":196,"column":null}}],"line":191},"12":{"loc":{"start":{"line":216,"column":8},"end":{"line":225,"column":null}},"type":"if","locations":[{"start":{"line":216,"column":8},"end":{"line":225,"column":null}},{"start":{},"end":{}}],"line":216},"13":{"loc":{"start":{"line":219,"column":27},"end":{"line":221,"column":null}},"type":"cond-expr","locations":[{"start":{"line":220,"column":16},"end":{"line":220,"column":null}},{"start":{"line":221,"column":16},"end":{"line":221,"column":null}}],"line":219},"14":{"loc":{"start":{"line":243,"column":21},"end":{"line":243,"column":null}},"type":"binary-expr","locations":[{"start":{"line":243,"column":21},"end":{"line":243,"column":58}},{"start":{"line":243,"column":58},"end":{"line":243,"column":null}}],"line":243},"15":{"loc":{"start":{"line":256,"column":22},"end":{"line":256,"column":null}},"type":"binary-expr","locations":[{"start":{"line":256,"column":22},"end":{"line":256,"column":57}},{"start":{"line":256,"column":57},"end":{"line":256,"column":null}}],"line":256},"16":{"loc":{"start":{"line":274,"column":6},"end":{"line":274,"column":null}},"type":"if","locations":[{"start":{"line":274,"column":6},"end":{"line":274,"column":null}},{"start":{},"end":{}}],"line":274},"17":{"loc":{"start":{"line":279,"column":4},"end":{"line":281,"column":null}},"type":"if","locations":[{"start":{"line":279,"column":4},"end":{"line":281,"column":null}},{"start":{},"end":{}}],"line":279},"18":{"loc":{"start":{"line":290,"column":16},"end":{"line":290,"column":null}},"type":"cond-expr","locations":[{"start":{"line":290,"column":41},"end":{"line":290,"column":50}},{"start":{"line":290,"column":50},"end":{"line":290,"column":null}}],"line":290}},"s":{"0":2,"1":0,"2":0,"3":2,"4":0,"5":0,"6":0,"7":0,"8":0,"9":0,"10":0,"11":0,"12":0,"13":0,"14":0,"15":0,"16":0,"17":0,"18":0,"19":0,"20":0,"21":0,"22":0,"23":0,"24":0,"25":0,"26":0,"27":0,"28":0,"29":0,"30":0,"31":0,"32":0,"33":0,"34":0,"35":0,"36":0,"37":0,"38":0,"39":0,"40":1,"41":1,"42":1,"43":2,"44":2,"45":2,"46":0,"47":1,"48":0,"49":0,"50":0,"51":0,"52":0,"53":0,"54":0,"55":0,"56":0,"57":0,"58":0,"59":0,"60":0,"61":0,"62":0,"63":0,"64":0,"65":0,"66":0,"67":0,"68":0,"69":0,"70":0,"71":0,"72":0,"73":0,"74":0,"75":0,"76":0,"77":0,"78":0,"79":0,"80":0,"81":0,"82":0,"83":0,"84":0,"85":0,"86":0,"87":0,"88":0,"89":0,"90":0,"91":0,"92":0,"93":0},"f":{"0":2,"1":0,"2":0,"3":2,"4":0,"5":0,"6":0,"7":0,"8":0,"9":0,"10":0,"11":0,"12":0,"13":0,"14":0,"15":1,"16":0,"17":0,"18":0,"19":0,"20":0,"21":0,"22":0,"23":0,"24":0,"25":0,"26":0,"27":0},"b":{"0":[0,0],"1":[0,0],"2":[0,0],"3":[0,0],"4":[0,0],"5":[0,0],"6":[0,0],"7":[0,0,0,0],"8":[0,0],"9":[2,0],"10":[0,0],"11":[0,0],"12":[0,0],"13":[0,0],"14":[0,0],"15":[0,0],"16":[0,0],"17":[0,0],"18":[0,0]},"meta":{"lastBranch":19,"lastFunction":28,"lastStatement":94,"seen":{"f:11:2:11:14":0,"s:12:4:12:Infinity":0,"f:18:8:18:19":1,"s:19:4:19:Infinity":1,"f:25:8:25:Infinity":2,"s:29:4:29:Infinity":2,"f:35:8:35:43":3,"s:36:4:74:Infinity":3,"f:36:36:36:42":4,"s:38:22:48:Infinity":4,"f:38:53:38:58":5,"s:39:30:39:Infinity":5,"s:40:8:47:Infinity":6,"b:42:17:42:26:42:26:42:Infinity":0,"f:48:16:48:21":6,"s:48:21:48:27":7,"s:51:44:51:Infinity":8,"s:52:6:57:Infinity":9,"s:52:19:52:22":10,"s:53:20:53:Infinity":11,"b:54:8:56:Infinity:undefined:undefined:undefined:undefined":1,"s:54:8:56:Infinity":12,"s:55:10:55:Infinity":13,"b:55:23:55:52:55:52:55:Infinity":2,"s:60:46:60:Infinity":14,"s:61:6:66:Infinity":15,"s:61:19:61:22":16,"s:62:20:62:Infinity":17,"b:63:8:65:Infinity:undefined:undefined:undefined:undefined":3,"s:63:8:65:Infinity":18,"s:64:10:64:Infinity":19,"b:64:25:64:56:64:56:64:Infinity":4,"s:68:6:73:Infinity":20,"f:80:8:80:44":7,"s:81:4:106:Infinity":21,"f:81:36:81:42":8,"s:83:29:103:Infinity":22,"s:105:6:105:Infinity":23,"f:105:33:105:46":9,"s:105:46:105:55":24,"f:112:8:112:62":10,"s:113:4:141:Infinity":25,"f:113:36:113:42":11,"s:115:30:129:Infinity":26,"f:116:8:116:14":12,"s:117:27:117:Infinity":27,"s:118:10:118:Infinity":28,"b:118:28:118:51:118:51:118:Infinity":5,"f:120:8:120:14":13,"s:121:27:121:Infinity":29,"s:122:10:122:Infinity":30,"b:122:28:122:51:122:51:122:Infinity":6,"f:124:8:124:14":14,"s:126:22:126:Infinity":31,"s:127:10:127:Infinity":32,"b:127:17:127:33:127:33:127:45:127:45:127:64:127:64:127:Infinity":7,"s:131:6:138:Infinity":33,"s:132:8:137:Infinity":34,"s:133:23:133:Infinity":35,"b:134:10:134:Infinity:undefined:undefined:undefined:undefined":8,"s:134:10:134:Infinity":36,"s:134:20:134:Infinity":37,"s:136:10:136:Infinity":38,"s:140:6:140:Infinity":39,"f:147:8:147:27":15,"s:148:18:148:Infinity":40,"s:149:39:149:Infinity":41,"s:151:4:168:Infinity":42,"s:152:6:167:Infinity":43,"s:153:23:153:Infinity":44,"s:154:8:159:Infinity":45,"b:157:28:157:40:157:40:157:Infinity":9,"s:161:8:166:Infinity":46,"s:170:4:170:Infinity":47,"f:176:8:176:23":16,"s:177:4:203:Infinity":48,"f:177:36:177:37":17,"s:178:21:178:Infinity":49,"b:179:6:179:Infinity:undefined:undefined:undefined:undefined":10,"s:179:6:179:Infinity":50,"s:179:19:179:Infinity":51,"s:182:7:182:Infinity":52,"s:185:28:188:Infinity":53,"b:191:6:196:Infinity:194:13:196:Infinity":11,"s:191:6:196:Infinity":54,"s:192:8:192:Infinity":55,"s:193:8:193:Infinity":56,"s:195:8:195:Infinity":57,"s:199:24:199:Infinity":58,"s:200:6:200:Infinity":59,"s:202:6:202:Infinity":60,"f:209:8:209:66":18,"s:210:4:229:Infinity":61,"f:210:36:210:42":19,"s:211:46:211:Infinity":62,"s:212:27:212:Infinity":63,"s:215:6:226:Infinity":64,"b:216:8:225:Infinity:undefined:undefined:undefined:undefined":12,"s:216:8:225:Infinity":65,"s:217:10:224:Infinity":66,"s:218:27:218:Infinity":67,"s:219:12:221:Infinity":68,"b:220:16:220:Infinity:221:16:221:Infinity":13,"s:223:12:223:Infinity":69,"s:228:6:228:Infinity":70,"f:235:8:235:26":20,"s:236:4:248:Infinity":71,"f:236:29:236:30":21,"s:237:7:237:Infinity":72,"s:239:6:247:Infinity":73,"f:239:20:239:28":22,"s:240:8:246:Infinity":74,"f:240:40:240:41":23,"s:241:11:245:Infinity":75,"b:243:21:243:58:243:58:243:Infinity":14,"f:254:8:254:97":24,"s:255:4:259:Infinity":76,"f:255:36:255:42":25,"s:256:22:256:Infinity":77,"b:256:22:256:57:256:57:256:Infinity":15,"s:257:7:257:Infinity":78,"s:258:6:258:Infinity":79,"f:265:8:265:29":26,"s:270:24:270:Infinity":80,"s:272:22:277:Infinity":81,"f:272:47:272:48":27,"s:273:19:273:Infinity":82,"b:274:6:274:Infinity:undefined:undefined:undefined:undefined":16,"s:274:6:274:Infinity":83,"s:274:17:274:Infinity":84,"s:275:6:275:Infinity":85,"s:276:6:276:Infinity":86,"b:279:4:281:Infinity:undefined:undefined:undefined:undefined":17,"s:279:4:281:Infinity":87,"s:280:6:280:Infinity":88,"s:284:4:294:Infinity":89,"s:285:6:285:Infinity":90,"s:286:21:286:Infinity":91,"s:287:6:291:Infinity":92,"b:290:41:290:50:290:50:290:Infinity":18,"s:293:6:293:Infinity":93}}}
,"/home/kali/Desktop/$$$/kali-mcp-toolkit/js/src/browser/network-interceptor.ts": {"path":"/home/kali/Desktop/$$$/kali-mcp-toolkit/js/src/browser/network-interceptor.ts","statementMap":{"0":{"start":{"line":16,"column":2},"end":{"line":16,"column":null}},"1":{"start":{"line":17,"column":2},"end":{"line":17,"column":null}},"2":{"start":{"line":18,"column":2},"end":{"line":18,"column":null}},"3":{"start":{"line":19,"column":2},"end":{"line":19,"column":null}},"4":{"start":{"line":22,"column":4},"end":{"line":22,"column":null}},"5":{"start":{"line":29,"column":4},"end":{"line":31,"column":null}},"6":{"start":{"line":30,"column":6},"end":{"line":30,"column":null}},"7":{"start":{"line":33,"column":4},"end":{"line":33,"column":null}},"8":{"start":{"line":35,"column":4},"end":{"line":35,"column":null}},"9":{"start":{"line":36,"column":4},"end":{"line":36,"column":null}},"10":{"start":{"line":38,"column":4},"end":{"line":38,"column":null}},"11":{"start":{"line":45,"column":15},"end":{"line":45,"column":null}},"12":{"start":{"line":46,"column":16},"end":{"line":46,"column":null}},"13":{"start":{"line":49,"column":43},"end":{"line":56,"column":null}},"14":{"start":{"line":57,"column":4},"end":{"line":57,"column":null}},"15":{"start":{"line":60,"column":4},"end":{"line":71,"column":null}},"16":{"start":{"line":61,"column":6},"end":{"line":70,"column":null}},"17":{"start":{"line":62,"column":8},"end":{"line":69,"column":null}},"18":{"start":{"line":63,"column":10},"end":{"line":63,"column":null}},"19":{"start":{"line":64,"column":10},"end":{"line":64,"column":null}},"20":{"start":{"line":65,"column":8},"end":{"line":69,"column":null}},"21":{"start":{"line":66,"column":34},"end":{"line":66,"column":null}},"22":{"start":{"line":67,"column":10},"end":{"line":67,"column":null}},"23":{"start":{"line":68,"column":10},"end":{"line":68,"column":null}},"24":{"start":{"line":73,"column":4},"end":{"line":73,"column":null}},"25":{"start":{"line":80,"column":20},"end":{"line":80,"column":null}},"26":{"start":{"line":81,"column":16},"end":{"line":81,"column":null}},"27":{"start":{"line":85,"column":4},"end":{"line":90,"column":null}},"28":{"start":{"line":86,"column":6},"end":{"line":89,"column":null}},"29":{"start":{"line":87,"column":8},"end":{"line":87,"column":null}},"30":{"start":{"line":88,"column":8},"end":{"line":88,"column":null}},"31":{"start":{"line":92,"column":4},"end":{"line":94,"column":null}},"32":{"start":{"line":93,"column":6},"end":{"line":93,"column":null}},"33":{"start":{"line":96,"column":29},"end":{"line":96,"column":null}},"34":{"start":{"line":98,"column":45},"end":{"line":105,"column":null}},"35":{"start":{"line":108,"column":4},"end":{"line":115,"column":null}},"36":{"start":{"line":109,"column":26},"end":{"line":109,"column":null}},"37":{"start":{"line":110,"column":6},"end":{"line":112,"column":null}},"38":{"start":{"line":111,"column":8},"end":{"line":111,"column":null}},"39":{"start":{"line":117,"column":4},"end":{"line":117,"column":null}},"40":{"start":{"line":124,"column":4},"end":{"line":124,"column":null}},"41":{"start":{"line":131,"column":4},"end":{"line":131,"column":null}},"42":{"start":{"line":138,"column":4},"end":{"line":138,"column":null}},"43":{"start":{"line":145,"column":4},"end":{"line":145,"column":null}},"44":{"start":{"line":152,"column":82},"end":{"line":152,"column":null}},"45":{"start":{"line":154,"column":4},"end":{"line":159,"column":null}},"46":{"start":{"line":155,"column":6},"end":{"line":158,"column":null}},"47":{"start":{"line":161,"column":4},"end":{"line":161,"column":null}},"48":{"start":{"line":168,"column":4},"end":{"line":168,"column":null}},"49":{"start":{"line":168,"column":42},"end":{"line":168,"column":61}},"50":{"start":{"line":175,"column":4},"end":{"line":175,"column":null}},"51":{"start":{"line":175,"column":42},"end":{"line":175,"column":75}},"52":{"start":{"line":182,"column":4},"end":{"line":182,"column":null}},"53":{"start":{"line":182,"column":43},"end":{"line":182,"column":73}},"54":{"start":{"line":189,"column":36},"end":{"line":189,"column":null}},"55":{"start":{"line":191,"column":4},"end":{"line":233,"column":null}},"56":{"start":{"line":193,"column":22},"end":{"line":193,"column":null}},"57":{"start":{"line":195,"column":6},"end":{"line":202,"column":null}},"58":{"start":{"line":196,"column":8},"end":{"line":201,"column":null}},"59":{"start":{"line":204,"column":6},"end":{"line":211,"column":null}},"60":{"start":{"line":205,"column":8},"end":{"line":210,"column":null}},"61":{"start":{"line":213,"column":6},"end":{"line":220,"column":null}},"62":{"start":{"line":214,"column":8},"end":{"line":219,"column":null}},"63":{"start":{"line":223,"column":6},"end":{"line":232,"column":null}},"64":{"start":{"line":224,"column":8},"end":{"line":231,"column":null}},"65":{"start":{"line":225,"column":10},"end":{"line":230,"column":null}},"66":{"start":{"line":236,"column":26},"end":{"line":236,"column":null}},"67":{"start":{"line":236,"column":57},"end":{"line":236,"column":82}},"68":{"start":{"line":237,"column":25},"end":{"line":237,"column":null}},"69":{"start":{"line":237,"column":56},"end":{"line":237,"column":83}},"70":{"start":{"line":239,"column":4},"end":{"line":246,"column":null}},"71":{"start":{"line":240,"column":6},"end":{"line":245,"column":null}},"72":{"start":{"line":248,"column":4},"end":{"line":248,"column":null}},"73":{"start":{"line":255,"column":4},"end":{"line":255,"column":null}},"74":{"start":{"line":256,"column":4},"end":{"line":256,"column":null}},"75":{"start":{"line":263,"column":4},"end":{"line":265,"column":null}},"76":{"start":{"line":264,"column":6},"end":{"line":264,"column":null}},"77":{"start":{"line":267,"column":4},"end":{"line":267,"column":null}},"78":{"start":{"line":268,"column":4},"end":{"line":268,"column":null}},"79":{"start":{"line":275,"column":4},"end":{"line":275,"column":null}}},"fnMap":{"0":{"name":"(anonymous_0)","decl":{"start":{"line":21,"column":2},"end":{"line":21,"column":14}},"loc":{"start":{"line":21,"column":26},"end":{"line":23,"column":null}},"line":21},"1":{"name":"(anonymous_1)","decl":{"start":{"line":28,"column":8},"end":{"line":28,"column":43}},"loc":{"start":{"line":28,"column":43},"end":{"line":39,"column":null}},"line":28},"2":{"name":"(anonymous_2)","decl":{"start":{"line":44,"column":16},"end":{"line":44,"column":30}},"loc":{"start":{"line":44,"column":67},"end":{"line":74,"column":null}},"line":44},"3":{"name":"(anonymous_3)","decl":{"start":{"line":79,"column":16},"end":{"line":79,"column":31}},"loc":{"start":{"line":79,"column":70},"end":{"line":118,"column":null}},"line":79},"4":{"name":"(anonymous_4)","decl":{"start":{"line":123,"column":2},"end":{"line":123,"column":10}},"loc":{"start":{"line":123,"column":40},"end":{"line":125,"column":null}},"line":123},"5":{"name":"(anonymous_5)","decl":{"start":{"line":130,"column":2},"end":{"line":130,"column":21}},"loc":{"start":{"line":130,"column":21},"end":{"line":132,"column":null}},"line":130},"6":{"name":"(anonymous_6)","decl":{"start":{"line":137,"column":2},"end":{"line":137,"column":34}},"loc":{"start":{"line":137,"column":34},"end":{"line":139,"column":null}},"line":137},"7":{"name":"(anonymous_7)","decl":{"start":{"line":144,"column":2},"end":{"line":144,"column":36}},"loc":{"start":{"line":144,"column":36},"end":{"line":146,"column":null}},"line":144},"8":{"name":"(anonymous_8)","decl":{"start":{"line":151,"column":2},"end":{"line":151,"column":77}},"loc":{"start":{"line":151,"column":77},"end":{"line":162,"column":null}},"line":151},"9":{"name":"(anonymous_9)","decl":{"start":{"line":167,"column":2},"end":{"line":167,"column":14}},"loc":{"start":{"line":167,"column":49},"end":{"line":169,"column":null}},"line":167},"10":{"name":"(anonymous_10)","decl":{"start":{"line":168,"column":37},"end":{"line":168,"column":42}},"loc":{"start":{"line":168,"column":42},"end":{"line":168,"column":61}},"line":168},"11":{"name":"(anonymous_11)","decl":{"start":{"line":174,"column":2},"end":{"line":174,"column":17}},"loc":{"start":{"line":174,"column":51},"end":{"line":176,"column":null}},"line":174},"12":{"name":"(anonymous_12)","decl":{"start":{"line":175,"column":37},"end":{"line":175,"column":42}},"loc":{"start":{"line":175,"column":42},"end":{"line":175,"column":75}},"line":175},"13":{"name":"(anonymous_13)","decl":{"start":{"line":181,"column":2},"end":{"line":181,"column":17}},"loc":{"start":{"line":181,"column":59},"end":{"line":183,"column":null}},"line":181},"14":{"name":"(anonymous_14)","decl":{"start":{"line":182,"column":38},"end":{"line":182,"column":43}},"loc":{"start":{"line":182,"column":43},"end":{"line":182,"column":73}},"line":182},"15":{"name":"(anonymous_15)","decl":{"start":{"line":188,"column":2},"end":{"line":188,"column":43}},"loc":{"start":{"line":188,"column":43},"end":{"line":249,"column":null}},"line":188},"16":{"name":"(anonymous_16)","decl":{"start":{"line":236,"column":52},"end":{"line":236,"column":57}},"loc":{"start":{"line":236,"column":57},"end":{"line":236,"column":82}},"line":236},"17":{"name":"(anonymous_17)","decl":{"start":{"line":237,"column":51},"end":{"line":237,"column":56}},"loc":{"start":{"line":237,"column":56},"end":{"line":237,"column":83}},"line":237},"18":{"name":"(anonymous_18)","decl":{"start":{"line":254,"column":2},"end":{"line":254,"column":16}},"loc":{"start":{"line":254,"column":16},"end":{"line":257,"column":null}},"line":254},"19":{"name":"(anonymous_19)","decl":{"start":{"line":262,"column":8},"end":{"line":262,"column":42}},"loc":{"start":{"line":262,"column":42},"end":{"line":269,"column":null}},"line":262},"20":{"name":"(anonymous_20)","decl":{"start":{"line":274,"column":10},"end":{"line":274,"column":38}},"loc":{"start":{"line":274,"column":38},"end":{"line":276,"column":null}},"line":274}},"branchMap":{"0":{"loc":{"start":{"line":29,"column":4},"end":{"line":31,"column":null}},"type":"if","locations":[{"start":{"line":29,"column":4},"end":{"line":31,"column":null}},{"start":{},"end":{}}],"line":29},"1":{"loc":{"start":{"line":61,"column":6},"end":{"line":70,"column":null}},"type":"if","locations":[{"start":{"line":61,"column":6},"end":{"line":70,"column":null}},{"start":{},"end":{}}],"line":61},"2":{"loc":{"start":{"line":62,"column":8},"end":{"line":69,"column":null}},"type":"if","locations":[{"start":{"line":62,"column":8},"end":{"line":69,"column":null}},{"start":{"line":65,"column":8},"end":{"line":69,"column":null}}],"line":62},"3":{"loc":{"start":{"line":65,"column":8},"end":{"line":69,"column":null}},"type":"if","locations":[{"start":{"line":65,"column":8},"end":{"line":69,"column":null}},{"start":{},"end":{}}],"line":65},"4":{"loc":{"start":{"line":65,"column":19},"end":{"line":65,"column":62}},"type":"binary-expr","locations":[{"start":{"line":65,"column":19},"end":{"line":65,"column":47}},{"start":{"line":65,"column":47},"end":{"line":65,"column":62}}],"line":65},"5":{"loc":{"start":{"line":86,"column":6},"end":{"line":89,"column":null}},"type":"if","locations":[{"start":{"line":86,"column":6},"end":{"line":89,"column":null}},{"start":{},"end":{}}],"line":86},"6":{"loc":{"start":{"line":86,"column":10},"end":{"line":86,"column":54}},"type":"binary-expr","locations":[{"start":{"line":86,"column":10},"end":{"line":86,"column":29}},{"start":{"line":86,"column":29},"end":{"line":86,"column":54}}],"line":86},"7":{"loc":{"start":{"line":92,"column":4},"end":{"line":94,"column":null}},"type":"if","locations":[{"start":{"line":92,"column":4},"end":{"line":94,"column":null}},{"start":{},"end":{}}],"line":92},"8":{"loc":{"start":{"line":96,"column":29},"end":{"line":96,"column":null}},"type":"binary-expr","locations":[{"start":{"line":96,"column":29},"end":{"line":96,"column":72}},{"start":{"line":96,"column":72},"end":{"line":96,"column":null}}],"line":96},"9":{"loc":{"start":{"line":109,"column":26},"end":{"line":109,"column":null}},"type":"binary-expr","locations":[{"start":{"line":109,"column":26},"end":{"line":109,"column":64}},{"start":{"line":109,"column":64},"end":{"line":109,"column":null}}],"line":109},"10":{"loc":{"start":{"line":110,"column":6},"end":{"line":112,"column":null}},"type":"if","locations":[{"start":{"line":110,"column":6},"end":{"line":112,"column":null}},{"start":{},"end":{}}],"line":110},"11":{"loc":{"start":{"line":110,"column":10},"end":{"line":110,"column":103}},"type":"binary-expr","locations":[{"start":{"line":110,"column":10},"end":{"line":110,"column":42}},{"start":{"line":110,"column":42},"end":{"line":110,"column":74}},{"start":{"line":110,"column":74},"end":{"line":110,"column":103}}],"line":110},"12":{"loc":{"start":{"line":195,"column":6},"end":{"line":202,"column":null}},"type":"if","locations":[{"start":{"line":195,"column":6},"end":{"line":202,"column":null}},{"start":{},"end":{}}],"line":195},"13":{"loc":{"start":{"line":195,"column":10},"end":{"line":195,"column":78}},"type":"binary-expr","locations":[{"start":{"line":195,"column":10},"end":{"line":195,"column":41}},{"start":{"line":195,"column":41},"end":{"line":195,"column":78}}],"line":195},"14":{"loc":{"start":{"line":204,"column":6},"end":{"line":211,"column":null}},"type":"if","locations":[{"start":{"line":204,"column":6},"end":{"line":211,"column":null}},{"start":{},"end":{}}],"line":204},"15":{"loc":{"start":{"line":213,"column":6},"end":{"line":220,"column":null}},"type":"if","locations":[{"start":{"line":213,"column":6},"end":{"line":220,"column":null}},{"start":{},"end":{}}],"line":213},"16":{"loc":{"start":{"line":213,"column":10},"end":{"line":213,"column":85}},"type":"binary-expr","locations":[{"start":{"line":213,"column":10},"end":{"line":213,"column":51}},{"start":{"line":213,"column":51},"end":{"line":213,"column":85}}],"line":213},"17":{"loc":{"start":{"line":223,"column":6},"end":{"line":232,"column":null}},"type":"if","locations":[{"start":{"line":223,"column":6},"end":{"line":232,"column":null}},{"start":{},"end":{}}],"line":223},"18":{"loc":{"start":{"line":224,"column":8},"end":{"line":231,"column":null}},"type":"if","locations":[{"start":{"line":224,"column":8},"end":{"line":231,"column":null}},{"start":{},"end":{}}],"line":224},"19":{"loc":{"start":{"line":239,"column":4},"end":{"line":246,"column":null}},"type":"if","locations":[{"start":{"line":239,"column":4},"end":{"line":246,"column":null}},{"start":{},"end":{}}],"line":239},"20":{"loc":{"start":{"line":239,"column":8},"end":{"line":239,"column":61}},"type":"binary-expr","locations":[{"start":{"line":239,"column":8},"end":{"line":239,"column":36}},{"start":{"line":239,"column":36},"end":{"line":239,"column":61}}],"line":239},"21":{"loc":{"start":{"line":263,"column":4},"end":{"line":265,"column":null}},"type":"if","locations":[{"start":{"line":263,"column":4},"end":{"line":265,"column":null}},{"start":{},"end":{}}],"line":263}},"s":{"0":3,"1":3,"2":3,"3":3,"4":3,"5":0,"6":0,"7":0,"8":0,"9":0,"10":0,"11":0,"12":0,"13":0,"14":0,"15":0,"16":0,"17":0,"18":0,"19":0,"20":0,"21":0,"22":0,"23":0,"24":0,"25":0,"26":0,"27":0,"28":0,"29":0,"30":0,"31":0,"32":0,"33":0,"34":0,"35":0,"36":0,"37":0,"38":0,"39":0,"40":0,"41":0,"42":0,"43":0,"44":0,"45":0,"46":0,"47":0,"48":0,"49":0,"50":0,"51":0,"52":0,"53":0,"54":0,"55":0,"56":0,"57":0,"58":0,"59":0,"60":0,"61":0,"62":0,"63":0,"64":0,"65":0,"66":0,"67":0,"68":0,"69":0,"70":0,"71":0,"72":0,"73":0,"74":0,"75":0,"76":0,"77":0,"78":0,"79":0},"f":{"0":3,"1":0,"2":0,"3":0,"4":0,"5":0,"6":0,"7":0,"8":0,"9":0,"10":0,"11":0,"12":0,"13":0,"14":0,"15":0,"16":0,"17":0,"18":0,"19":0,"20":0},"b":{"0":[0,0],"1":[0,0],"2":[0,0],"3":[0,0],"4":[0,0],"5":[0,0],"6":[0,0],"7":[0,0],"8":[0,0],"9":[0,0],"10":[0,0],"11":[0,0,0],"12":[0,0],"13":[0,0],"14":[0,0],"15":[0,0],"16":[0,0],"17":[0,0],"18":[0,0],"19":[0,0],"20":[0,0],"21":[0,0]},"meta":{"lastBranch":22,"lastFunction":21,"lastStatement":80,"seen":{"f:21:2:21:14":0,"s:16:2:16:Infinity":0,"s:17:2:17:Infinity":1,"s:18:2:18:Infinity":2,"s:19:2:19:Infinity":3,"s:22:4:22:Infinity":4,"f:28:8:28:43":1,"b:29:4:31:Infinity:undefined:undefined:undefined:undefined":0,"s:29:4:31:Infinity":5,"s:30:6:30:Infinity":6,"s:33:4:33:Infinity":7,"s:35:4:35:Infinity":8,"s:36:4:36:Infinity":9,"s:38:4:38:Infinity":10,"f:44:16:44:30":2,"s:45:15:45:Infinity":11,"s:46:16:46:Infinity":12,"s:49:43:56:Infinity":13,"s:57:4:57:Infinity":14,"s:60:4:71:Infinity":15,"b:61:6:70:Infinity:undefined:undefined:undefined:undefined":1,"s:61:6:70:Infinity":16,"b:62:8:69:Infinity:65:8:69:Infinity":2,"s:62:8:69:Infinity":17,"s:63:10:63:Infinity":18,"s:64:10:64:Infinity":19,"b:65:8:69:Infinity:undefined:undefined:undefined:undefined":3,"s:65:8:69:Infinity":20,"b:65:19:65:47:65:47:65:62":4,"s:66:34:66:Infinity":21,"s:67:10:67:Infinity":22,"s:68:10:68:Infinity":23,"s:73:4:73:Infinity":24,"f:79:16:79:31":3,"s:80:20:80:Infinity":25,"s:81:16:81:Infinity":26,"s:85:4:90:Infinity":27,"b:86:6:89:Infinity:undefined:undefined:undefined:undefined":5,"s:86:6:89:Infinity":28,"b:86:10:86:29:86:29:86:54":6,"s:87:8:87:Infinity":29,"s:88:8:88:Infinity":30,"b:92:4:94:Infinity:undefined:undefined:undefined:undefined":7,"s:92:4:94:Infinity":31,"s:93:6:93:Infinity":32,"s:96:29:96:Infinity":33,"b:96:29:96:72:96:72:96:Infinity":8,"s:98:45:105:Infinity":34,"s:108:4:115:Infinity":35,"s:109:26:109:Infinity":36,"b:109:26:109:64:109:64:109:Infinity":9,"b:110:6:112:Infinity:undefined:undefined:undefined:undefined":10,"s:110:6:112:Infinity":37,"b:110:10:110:42:110:42:110:74:110:74:110:103":11,"s:111:8:111:Infinity":38,"s:117:4:117:Infinity":39,"f:123:2:123:10":4,"s:124:4:124:Infinity":40,"f:130:2:130:21":5,"s:131:4:131:Infinity":41,"f:137:2:137:34":6,"s:138:4:138:Infinity":42,"f:144:2:144:36":7,"s:145:4:145:Infinity":43,"f:151:2:151:77":8,"s:152:82:152:Infinity":44,"s:154:4:159:Infinity":45,"s:155:6:158:Infinity":46,"s:161:4:161:Infinity":47,"f:167:2:167:14":9,"s:168:4:168:Infinity":48,"f:168:37:168:42":10,"s:168:42:168:61":49,"f:174:2:174:17":11,"s:175:4:175:Infinity":50,"f:175:37:175:42":12,"s:175:42:175:75":51,"f:181:2:181:17":13,"s:182:4:182:Infinity":52,"f:182:38:182:43":14,"s:182:43:182:73":53,"f:188:2:188:43":15,"s:189:36:189:Infinity":54,"s:191:4:233:Infinity":55,"s:193:22:193:Infinity":56,"b:195:6:202:Infinity:undefined:undefined:undefined:undefined":12,"s:195:6:202:Infinity":57,"b:195:10:195:41:195:41:195:78":13,"s:196:8:201:Infinity":58,"b:204:6:211:Infinity:undefined:undefined:undefined:undefined":14,"s:204:6:211:Infinity":59,"s:205:8:210:Infinity":60,"b:213:6:220:Infinity:undefined:undefined:undefined:undefined":15,"s:213:6:220:Infinity":61,"b:213:10:213:51:213:51:213:85":16,"s:214:8:219:Infinity":62,"b:223:6:232:Infinity:undefined:undefined:undefined:undefined":17,"s:223:6:232:Infinity":63,"b:224:8:231:Infinity:undefined:undefined:undefined:undefined":18,"s:224:8:231:Infinity":64,"s:225:10:230:Infinity":65,"s:236:26:236:Infinity":66,"f:236:52:236:57":16,"s:236:57:236:82":67,"s:237:25:237:Infinity":68,"f:237:51:237:56":17,"s:237:56:237:83":69,"b:239:4:246:Infinity:undefined:undefined:undefined:undefined":19,"s:239:4:246:Infinity":70,"b:239:8:239:36:239:36:239:61":20,"s:240:6:245:Infinity":71,"s:248:4:248:Infinity":72,"f:254:2:254:16":18,"s:255:4:255:Infinity":73,"s:256:4:256:Infinity":74,"f:262:8:262:42":19,"b:263:4:265:Infinity:undefined:undefined:undefined:undefined":21,"s:263:4:265:Infinity":75,"s:264:6:264:Infinity":76,"s:267:4:267:Infinity":77,"s:268:4:268:Infinity":78,"f:274:10:274:38":20,"s:275:4:275:Infinity":79}}}
}
